<?xml version="1.0" encoding="UTF-8" standalone="no"?>
<!DOCTYPE log SYSTEM "logger.dtd">
<log>
<record>
  <date>2017-10-30T04:32:02</date>
  <millis>1509318122664</millis>
  <sequence>0</sequence>
  <level>START</level>
  <class>com.kms.katalon.core.logging.KeywordLogger</class>
  <method>startSuite</method>
  <thread>1</thread>
  <message>Start Test Suite : Smoke</message>
  <nestedLevel>0</nestedLevel>
  <property name="name">Smoke</property>
  <property name="description"></property>
  <property name="id">Test Suites/Smoke</property>
</record>
<record>
  <date>2017-10-30T04:32:02</date>
  <millis>1509318122689</millis>
  <sequence>1</sequence>
  <level>RUN_DATA</level>
  <class>com.kms.katalon.core.logging.KeywordLogger</class>
  <method>logMessage</method>
  <thread>1</thread>
  <message>Logging run data &amp;apos;hostName&amp;apos; with value &amp;apos;lokesh - DESKTOP-7FI2243&amp;apos;</message>
  <nestedLevel>0</nestedLevel>
  <property name="hostName">lokesh - DESKTOP-7FI2243</property>
</record>
<record>
  <date>2017-10-30T04:32:02</date>
  <millis>1509318122690</millis>
  <sequence>2</sequence>
  <level>RUN_DATA</level>
  <class>com.kms.katalon.core.logging.KeywordLogger</class>
  <method>logMessage</method>
  <thread>1</thread>
  <message>Logging run data &amp;apos;os&amp;apos; with value &amp;apos;Windows 10 64bit&amp;apos;</message>
  <nestedLevel>0</nestedLevel>
  <property name="os">Windows 10 64bit</property>
</record>
<record>
  <date>2017-10-30T04:32:02</date>
  <millis>1509318122690</millis>
  <sequence>3</sequence>
  <level>RUN_DATA</level>
  <class>com.kms.katalon.core.logging.KeywordLogger</class>
  <method>logMessage</method>
  <thread>1</thread>
  <message>Logging run data &amp;apos;hostAddress&amp;apos; with value &amp;apos;192.168.0.100&amp;apos;</message>
  <nestedLevel>0</nestedLevel>
  <property name="hostAddress">192.168.0.100</property>
</record>
<record>
  <date>2017-10-30T04:32:02</date>
  <millis>1509318122692</millis>
  <sequence>4</sequence>
  <level>RUN_DATA</level>
  <class>com.kms.katalon.core.logging.KeywordLogger</class>
  <method>logMessage</method>
  <thread>1</thread>
  <message>Logging run data &amp;apos;katalonVersion&amp;apos; with value &amp;apos;5.0.0.1&amp;apos;</message>
  <nestedLevel>0</nestedLevel>
  <property name="katalonVersion">5.0.0.1</property>
</record>
<record>
  <date>2017-10-30T04:32:03</date>
  <millis>1509318123021</millis>
  <sequence>5</sequence>
  <level>START</level>
  <class>com.kms.katalon.core.logging.KeywordLogger</class>
  <method>startTest</method>
  <thread>1</thread>
  <message>Start Test Case : Test Cases/TC01</message>
  <nestedLevel>1</nestedLevel>
  <property name="name">Test Cases/TC01</property>
  <property name="description">Login with valid credentials and open NFL Player record</property>
  <property name="id">Test Cases/TC01</property>
  <property name="source">C:\\Users\\lokesh\\Katalon Studio\\recordedTest Cases\\TC01.tc</property>
  <property name="isOptional">false</property>
</record>
<record>
  <date>2017-10-30T04:32:03</date>
  <millis>1509318123191</millis>
  <sequence>6</sequence>
  <level>INFO</level>
  <class>com.kms.katalon.core.logging.KeywordLogger</class>
  <method>logMessage</method>
  <thread>1</thread>
  <message>Evaluating variables for test case</message>
  <nestedLevel>1</nestedLevel>
</record>
<record>
  <date>2017-10-30T04:32:03</date>
  <millis>1509318123577</millis>
  <sequence>7</sequence>
  <level>START</level>
  <class>com.kms.katalon.core.logging.KeywordLogger</class>
  <method>startKeyword</method>
  <thread>1</thread>
  <message>Start action : openBrowser</message>
  <nestedLevel>1</nestedLevel>
  <property name="startLine">23</property>
  <property name="stepIndex">1</property>
</record>
<record>
  <date>2017-10-30T04:32:04</date>
  <millis>1509318124147</millis>
  <sequence>8</sequence>
  <level>INFO</level>
  <class>com.kms.katalon.core.logging.KeywordLogger</class>
  <method>logMessage</method>
  <thread>1</thread>
  <message>Opening browser</message>
  <nestedLevel>1</nestedLevel>
</record>
<record>
  <date>2017-10-30T04:32:04</date>
  <millis>1509318124157</millis>
  <sequence>9</sequence>
  <level>INFO</level>
  <class>com.kms.katalon.core.logging.KeywordLogger</class>
  <method>logMessage</method>
  <thread>1</thread>
  <message>Starting &amp;apos;Chrome&amp;apos; driver</message>
  <nestedLevel>1</nestedLevel>
</record>
<record>
  <date>2017-10-30T04:32:04</date>
  <millis>1509318124184</millis>
  <sequence>10</sequence>
  <level>INFO</level>
  <class>com.kms.katalon.core.logging.KeywordLogger</class>
  <method>logMessage</method>
  <thread>1</thread>
  <message>Action delay is set to 0 seconds</message>
  <nestedLevel>1</nestedLevel>
</record>
<record>
  <date>2017-10-30T04:32:06</date>
  <millis>1509318126625</millis>
  <sequence>11</sequence>
  <level>RUN_DATA</level>
  <class>com.kms.katalon.core.logging.KeywordLogger</class>
  <method>logMessage</method>
  <thread>1</thread>
  <message>Logging run data &amp;apos;sessionId&amp;apos; with value &amp;apos;71f019d592341193dddaf80e5303f579&amp;apos;</message>
  <nestedLevel>1</nestedLevel>
  <property name="sessionId">71f019d592341193dddaf80e5303f579</property>
</record>
<record>
  <date>2017-10-30T04:32:06</date>
  <millis>1509318126692</millis>
  <sequence>12</sequence>
  <level>RUN_DATA</level>
  <class>com.kms.katalon.core.logging.KeywordLogger</class>
  <method>logMessage</method>
  <thread>1</thread>
  <message>Logging run data &amp;apos;browser&amp;apos; with value &amp;apos;Chrome 61.0.3163.100&amp;apos;</message>
  <nestedLevel>1</nestedLevel>
  <property name="browser">Chrome 61.0.3163.100</property>
</record>
<record>
  <date>2017-10-30T04:32:06</date>
  <millis>1509318126693</millis>
  <sequence>13</sequence>
  <level>RUN_DATA</level>
  <class>com.kms.katalon.core.logging.KeywordLogger</class>
  <method>logMessage</method>
  <thread>1</thread>
  <message>Logging run data &amp;apos;platform&amp;apos; with value &amp;apos;Windows 10&amp;apos;</message>
  <nestedLevel>1</nestedLevel>
  <property name="platform">Windows 10</property>
</record>
<record>
  <date>2017-10-30T04:32:06</date>
  <millis>1509318126695</millis>
  <sequence>14</sequence>
  <level>RUN_DATA</level>
  <class>com.kms.katalon.core.logging.KeywordLogger</class>
  <method>logMessage</method>
  <thread>1</thread>
  <message>Logging run data &amp;apos;seleniumVersion&amp;apos; with value &amp;apos;2.53.0&amp;apos;</message>
  <nestedLevel>1</nestedLevel>
  <property name="seleniumVersion">2.53.0</property>
</record>
<record>
  <date>2017-10-30T04:32:06</date>
  <millis>1509318126696</millis>
  <sequence>15</sequence>
  <level>RUN_DATA</level>
  <class>com.kms.katalon.core.logging.KeywordLogger</class>
  <method>logMessage</method>
  <thread>1</thread>
  <message>Logging run data &amp;apos;proxyInformation&amp;apos; with value &amp;apos;ProxyInformation{proxyOption=NO_PROXY, proxyServerType=, password=, proxyServerAddress=, proxyServerPort=0}&amp;apos;</message>
  <nestedLevel>1</nestedLevel>
  <property name="proxyInformation">ProxyInformation{proxyOption=NO_PROXY, proxyServerType=, password=, proxyServerAddress=, proxyServerPort=0}</property>
</record>
<record>
  <date>2017-10-30T04:32:06</date>
  <millis>1509318126697</millis>
  <sequence>16</sequence>
  <level>PASSED</level>
  <class>com.kms.katalon.core.logging.KeywordLogger</class>
  <method>logMessage</method>
  <thread>1</thread>
  <message>Browser is opened with url: &amp;apos;&amp;apos;</message>
  <nestedLevel>1</nestedLevel>
</record>
<record>
  <date>2017-10-30T04:32:06</date>
  <millis>1509318126698</millis>
  <sequence>17</sequence>
  <level>END</level>
  <class>com.kms.katalon.core.logging.KeywordLogger</class>
  <method>endKeyword</method>
  <thread>1</thread>
  <message>End action : openBrowser</message>
  <nestedLevel>1</nestedLevel>
</record>
<record>
  <date>2017-10-30T04:32:06</date>
  <millis>1509318126698</millis>
  <sequence>18</sequence>
  <level>START</level>
  <class>com.kms.katalon.core.logging.KeywordLogger</class>
  <method>startKeyword</method>
  <thread>1</thread>
  <message>Start action : maximizeWindow</message>
  <nestedLevel>1</nestedLevel>
  <property name="startLine">25</property>
  <property name="stepIndex">2</property>
</record>
<record>
  <date>2017-10-30T04:32:06</date>
  <millis>1509318126722</millis>
  <sequence>19</sequence>
  <level>INFO</level>
  <class>com.kms.katalon.core.logging.KeywordLogger</class>
  <method>logMessage</method>
  <thread>1</thread>
  <message>Maximizing current window</message>
  <nestedLevel>1</nestedLevel>
</record>
<record>
  <date>2017-10-30T04:32:07</date>
  <millis>1509318127931</millis>
  <sequence>20</sequence>
  <level>PASSED</level>
  <class>com.kms.katalon.core.logging.KeywordLogger</class>
  <method>logMessage</method>
  <thread>1</thread>
  <message>Current window maximized</message>
  <nestedLevel>1</nestedLevel>
</record>
<record>
  <date>2017-10-30T04:32:07</date>
  <millis>1509318127932</millis>
  <sequence>21</sequence>
  <level>END</level>
  <class>com.kms.katalon.core.logging.KeywordLogger</class>
  <method>endKeyword</method>
  <thread>1</thread>
  <message>End action : maximizeWindow</message>
  <nestedLevel>1</nestedLevel>
</record>
<record>
  <date>2017-10-30T04:32:07</date>
  <millis>1509318127932</millis>
  <sequence>22</sequence>
  <level>START</level>
  <class>com.kms.katalon.core.logging.KeywordLogger</class>
  <method>startKeyword</method>
  <thread>1</thread>
  <message>Start action : navigateToUrl</message>
  <nestedLevel>1</nestedLevel>
  <property name="startLine">27</property>
  <property name="stepIndex">3</property>
</record>
<record>
  <date>2017-10-30T04:32:07</date>
  <millis>1509318127944</millis>
  <sequence>23</sequence>
  <level>INFO</level>
  <class>com.kms.katalon.core.logging.KeywordLogger</class>
  <method>logMessage</method>
  <thread>1</thread>
  <message>Checking url</message>
  <nestedLevel>1</nestedLevel>
</record>
<record>
  <date>2017-10-30T04:32:07</date>
  <millis>1509318127947</millis>
  <sequence>24</sequence>
  <level>INFO</level>
  <class>com.kms.katalon.core.logging.KeywordLogger</class>
  <method>logMessage</method>
  <thread>1</thread>
  <message>Navigating to &amp;apos;https://nflplayercomm-test.crm.dynamics.com/main.aspx?appid=cc7e976d-8a90-422a-a6c3-5d97a285f749&amp;apos;</message>
  <nestedLevel>1</nestedLevel>
</record>
<record>
  <date>2017-10-30T04:32:26</date>
  <millis>1509318146313</millis>
  <sequence>25</sequence>
  <level>PASSED</level>
  <class>com.kms.katalon.core.logging.KeywordLogger</class>
  <method>logMessage</method>
  <thread>1</thread>
  <message>Navigate to &amp;apos;https://nflplayercomm-test.crm.dynamics.com/main.aspx?appid=cc7e976d-8a90-422a-a6c3-5d97a285f749&amp;apos; successfully</message>
  <nestedLevel>1</nestedLevel>
</record>
<record>
  <date>2017-10-30T04:32:26</date>
  <millis>1509318146314</millis>
  <sequence>26</sequence>
  <level>END</level>
  <class>com.kms.katalon.core.logging.KeywordLogger</class>
  <method>endKeyword</method>
  <thread>1</thread>
  <message>End action : navigateToUrl</message>
  <nestedLevel>1</nestedLevel>
</record>
<record>
  <date>2017-10-30T04:32:26</date>
  <millis>1509318146314</millis>
  <sequence>27</sequence>
  <level>START</level>
  <class>com.kms.katalon.core.logging.KeywordLogger</class>
  <method>startKeyword</method>
  <thread>1</thread>
  <message>Start action : setText</message>
  <nestedLevel>1</nestedLevel>
  <property name="startLine">29</property>
  <property name="stepIndex">4</property>
</record>
<record>
  <date>2017-10-30T04:32:26</date>
  <millis>1509318146320</millis>
  <sequence>28</sequence>
  <level>INFO</level>
  <class>com.kms.katalon.core.logging.KeywordLogger</class>
  <method>logMessage</method>
  <thread>1</thread>
  <message>Finding Test Object with id &amp;apos;Object Repository/Page_Sign in to your account/input_login&amp;apos;</message>
  <nestedLevel>1</nestedLevel>
</record>
<record>
  <date>2017-10-30T04:32:26</date>
  <millis>1509318146340</millis>
  <sequence>29</sequence>
  <level>INFO</level>
  <class>com.kms.katalon.core.logging.KeywordLogger</class>
  <method>logMessage</method>
  <thread>1</thread>
  <message>Checking object</message>
  <nestedLevel>1</nestedLevel>
</record>
<record>
  <date>2017-10-30T04:32:26</date>
  <millis>1509318146340</millis>
  <sequence>30</sequence>
  <level>INFO</level>
  <class>com.kms.katalon.core.logging.KeywordLogger</class>
  <method>logMessage</method>
  <thread>1</thread>
  <message>Checking text</message>
  <nestedLevel>1</nestedLevel>
</record>
<record>
  <date>2017-10-30T04:32:26</date>
  <millis>1509318146341</millis>
  <sequence>31</sequence>
  <level>INFO</level>
  <class>com.kms.katalon.core.logging.KeywordLogger</class>
  <method>logMessage</method>
  <thread>1</thread>
  <message>Checking timeout</message>
  <nestedLevel>1</nestedLevel>
</record>
<record>
  <date>2017-10-30T04:32:26</date>
  <millis>1509318146347</millis>
  <sequence>32</sequence>
  <level>INFO</level>
  <class>com.kms.katalon.core.logging.KeywordLogger</class>
  <method>logMessage</method>
  <thread>1</thread>
  <message>Finding web element with id: &amp;apos;Object Repository/Page_Sign in to your account/input_login&amp;apos; located by &amp;apos;By.xpath: //input[count(. | //*[@id = &amp;apos;cred_userid_inputtext&amp;apos;]) = count(//*[@id = &amp;apos;cred_userid_inputtext&amp;apos;])][count(. | //*[@class = &amp;apos;login_textfield textfield required email field normaltext&amp;apos;]) = count(//*[@class = &amp;apos;login_textfield textfield required email field normaltext&amp;apos;])][count(. | //*[@placeholder = &amp;apos;someone@nfl.com&amp;apos;]) = count(//*[@placeholder = &amp;apos;someone@nfl.com&amp;apos;])][count(. | //*[@type = &amp;apos;email&amp;apos;]) = count(//*[@type = &amp;apos;email&amp;apos;])][count(. | //*[@name = &amp;apos;login&amp;apos;]) = count(//*[@name = &amp;apos;login&amp;apos;])][count(. | //*[@spellcheck = &amp;apos;false&amp;apos;]) = count(//*[@spellcheck = &amp;apos;false&amp;apos;])][count(. | //*[@alt = &amp;apos;someone@nfl.com&amp;apos;]) = count(//*[@alt = &amp;apos;someone@nfl.com&amp;apos;])][count(. | //*[@aria-label = &amp;apos;User account&amp;apos;]) = count(//*[@aria-label = &amp;apos;User account&amp;apos;])][count(. | //*[@autocomplete = &amp;apos;off&amp;apos;]) = count(//*[@autocomplete = &amp;apos;off&amp;apos;])][count(. | //*[@aria-describedby = &amp;apos;accessibleError&amp;apos;]) = count(//*[@aria-describedby = &amp;apos;accessibleError&amp;apos;])][count(. | id(\&amp;quot;cred_userid_inputtext\&amp;quot;)) = count(id(\&amp;quot;cred_userid_inputtext\&amp;quot;))]&amp;apos; in &amp;apos;30&amp;apos; second(s)</message>
  <nestedLevel>1</nestedLevel>
</record>
<record>
  <date>2017-10-30T04:32:26</date>
  <millis>1509318146408</millis>
  <sequence>33</sequence>
  <level>INFO</level>
  <class>com.kms.katalon.core.logging.KeywordLogger</class>
  <method>logMessage</method>
  <thread>1</thread>
  <message>Found 1 web elements with id: &amp;apos;Object Repository/Page_Sign in to your account/input_login&amp;apos; located by &amp;apos;By.xpath: //input[count(. | //*[@id = &amp;apos;cred_userid_inputtext&amp;apos;]) = count(//*[@id = &amp;apos;cred_userid_inputtext&amp;apos;])][count(. | //*[@class = &amp;apos;login_textfield textfield required email field normaltext&amp;apos;]) = count(//*[@class = &amp;apos;login_textfield textfield required email field normaltext&amp;apos;])][count(. | //*[@placeholder = &amp;apos;someone@nfl.com&amp;apos;]) = count(//*[@placeholder = &amp;apos;someone@nfl.com&amp;apos;])][count(. | //*[@type = &amp;apos;email&amp;apos;]) = count(//*[@type = &amp;apos;email&amp;apos;])][count(. | //*[@name = &amp;apos;login&amp;apos;]) = count(//*[@name = &amp;apos;login&amp;apos;])][count(. | //*[@spellcheck = &amp;apos;false&amp;apos;]) = count(//*[@spellcheck = &amp;apos;false&amp;apos;])][count(. | //*[@alt = &amp;apos;someone@nfl.com&amp;apos;]) = count(//*[@alt = &amp;apos;someone@nfl.com&amp;apos;])][count(. | //*[@aria-label = &amp;apos;User account&amp;apos;]) = count(//*[@aria-label = &amp;apos;User account&amp;apos;])][count(. | //*[@autocomplete = &amp;apos;off&amp;apos;]) = count(//*[@autocomplete = &amp;apos;off&amp;apos;])][count(. | //*[@aria-describedby = &amp;apos;accessibleError&amp;apos;]) = count(//*[@aria-describedby = &amp;apos;accessibleError&amp;apos;])][count(. | id(\&amp;quot;cred_userid_inputtext\&amp;quot;)) = count(id(\&amp;quot;cred_userid_inputtext\&amp;quot;))]&amp;apos; in &amp;apos;30&amp;apos; second(s)</message>
  <nestedLevel>1</nestedLevel>
</record>
<record>
  <date>2017-10-30T04:32:26</date>
  <millis>1509318146409</millis>
  <sequence>34</sequence>
  <level>INFO</level>
  <class>com.kms.katalon.core.logging.KeywordLogger</class>
  <method>logMessage</method>
  <thread>1</thread>
  <message>Clearing text of object &amp;apos;Object Repository/Page_Sign in to your account/input_login&amp;apos;</message>
  <nestedLevel>1</nestedLevel>
</record>
<record>
  <date>2017-10-30T04:32:26</date>
  <millis>1509318146439</millis>
  <sequence>35</sequence>
  <level>INFO</level>
  <class>com.kms.katalon.core.logging.KeywordLogger</class>
  <method>logMessage</method>
  <thread>1</thread>
  <message>Checking timeout</message>
  <nestedLevel>1</nestedLevel>
</record>
<record>
  <date>2017-10-30T04:32:26</date>
  <millis>1509318146441</millis>
  <sequence>36</sequence>
  <level>INFO</level>
  <class>com.kms.katalon.core.logging.KeywordLogger</class>
  <method>logMessage</method>
  <thread>1</thread>
  <message>Finding web element with id: &amp;apos;Object Repository/Page_Sign in to your account/input_login&amp;apos; located by &amp;apos;By.xpath: //input[count(. | //*[@id = &amp;apos;cred_userid_inputtext&amp;apos;]) = count(//*[@id = &amp;apos;cred_userid_inputtext&amp;apos;])][count(. | //*[@class = &amp;apos;login_textfield textfield required email field normaltext&amp;apos;]) = count(//*[@class = &amp;apos;login_textfield textfield required email field normaltext&amp;apos;])][count(. | //*[@placeholder = &amp;apos;someone@nfl.com&amp;apos;]) = count(//*[@placeholder = &amp;apos;someone@nfl.com&amp;apos;])][count(. | //*[@type = &amp;apos;email&amp;apos;]) = count(//*[@type = &amp;apos;email&amp;apos;])][count(. | //*[@name = &amp;apos;login&amp;apos;]) = count(//*[@name = &amp;apos;login&amp;apos;])][count(. | //*[@spellcheck = &amp;apos;false&amp;apos;]) = count(//*[@spellcheck = &amp;apos;false&amp;apos;])][count(. | //*[@alt = &amp;apos;someone@nfl.com&amp;apos;]) = count(//*[@alt = &amp;apos;someone@nfl.com&amp;apos;])][count(. | //*[@aria-label = &amp;apos;User account&amp;apos;]) = count(//*[@aria-label = &amp;apos;User account&amp;apos;])][count(. | //*[@autocomplete = &amp;apos;off&amp;apos;]) = count(//*[@autocomplete = &amp;apos;off&amp;apos;])][count(. | //*[@aria-describedby = &amp;apos;accessibleError&amp;apos;]) = count(//*[@aria-describedby = &amp;apos;accessibleError&amp;apos;])][count(. | id(\&amp;quot;cred_userid_inputtext\&amp;quot;)) = count(id(\&amp;quot;cred_userid_inputtext\&amp;quot;))]&amp;apos; in &amp;apos;30&amp;apos; second(s)</message>
  <nestedLevel>1</nestedLevel>
</record>
<record>
  <date>2017-10-30T04:32:26</date>
  <millis>1509318146463</millis>
  <sequence>37</sequence>
  <level>INFO</level>
  <class>com.kms.katalon.core.logging.KeywordLogger</class>
  <method>logMessage</method>
  <thread>1</thread>
  <message>Found 1 web elements with id: &amp;apos;Object Repository/Page_Sign in to your account/input_login&amp;apos; located by &amp;apos;By.xpath: //input[count(. | //*[@id = &amp;apos;cred_userid_inputtext&amp;apos;]) = count(//*[@id = &amp;apos;cred_userid_inputtext&amp;apos;])][count(. | //*[@class = &amp;apos;login_textfield textfield required email field normaltext&amp;apos;]) = count(//*[@class = &amp;apos;login_textfield textfield required email field normaltext&amp;apos;])][count(. | //*[@placeholder = &amp;apos;someone@nfl.com&amp;apos;]) = count(//*[@placeholder = &amp;apos;someone@nfl.com&amp;apos;])][count(. | //*[@type = &amp;apos;email&amp;apos;]) = count(//*[@type = &amp;apos;email&amp;apos;])][count(. | //*[@name = &amp;apos;login&amp;apos;]) = count(//*[@name = &amp;apos;login&amp;apos;])][count(. | //*[@spellcheck = &amp;apos;false&amp;apos;]) = count(//*[@spellcheck = &amp;apos;false&amp;apos;])][count(. | //*[@alt = &amp;apos;someone@nfl.com&amp;apos;]) = count(//*[@alt = &amp;apos;someone@nfl.com&amp;apos;])][count(. | //*[@aria-label = &amp;apos;User account&amp;apos;]) = count(//*[@aria-label = &amp;apos;User account&amp;apos;])][count(. | //*[@autocomplete = &amp;apos;off&amp;apos;]) = count(//*[@autocomplete = &amp;apos;off&amp;apos;])][count(. | //*[@aria-describedby = &amp;apos;accessibleError&amp;apos;]) = count(//*[@aria-describedby = &amp;apos;accessibleError&amp;apos;])][count(. | id(\&amp;quot;cred_userid_inputtext\&amp;quot;)) = count(id(\&amp;quot;cred_userid_inputtext\&amp;quot;))]&amp;apos; in &amp;apos;30&amp;apos; second(s)</message>
  <nestedLevel>1</nestedLevel>
</record>
<record>
  <date>2017-10-30T04:32:26</date>
  <millis>1509318146468</millis>
  <sequence>38</sequence>
  <level>INFO</level>
  <class>com.kms.katalon.core.logging.KeywordLogger</class>
  <method>logMessage</method>
  <thread>1</thread>
  <message>Setting text of object &amp;apos;Object Repository/Page_Sign in to your account/input_login&amp;apos; to value &amp;apos;lokesh.sharma@nflit.onmicrosoft.com&amp;apos;</message>
  <nestedLevel>1</nestedLevel>
</record>
<record>
  <date>2017-10-30T04:32:26</date>
  <millis>1509318146595</millis>
  <sequence>39</sequence>
  <level>PASSED</level>
  <class>com.kms.katalon.core.logging.KeywordLogger</class>
  <method>logMessage</method>
  <thread>1</thread>
  <message>Text &amp;apos;lokesh.sharma@nflit.onmicrosoft.com&amp;apos; is set on object &amp;apos;Object Repository/Page_Sign in to your account/input_login&amp;apos;</message>
  <nestedLevel>1</nestedLevel>
</record>
<record>
  <date>2017-10-30T04:32:26</date>
  <millis>1509318146596</millis>
  <sequence>40</sequence>
  <level>END</level>
  <class>com.kms.katalon.core.logging.KeywordLogger</class>
  <method>endKeyword</method>
  <thread>1</thread>
  <message>End action : setText</message>
  <nestedLevel>1</nestedLevel>
</record>
<record>
  <date>2017-10-30T04:32:26</date>
  <millis>1509318146596</millis>
  <sequence>41</sequence>
  <level>START</level>
  <class>com.kms.katalon.core.logging.KeywordLogger</class>
  <method>startKeyword</method>
  <thread>1</thread>
  <message>Start action : setText</message>
  <nestedLevel>1</nestedLevel>
  <property name="startLine">31</property>
  <property name="stepIndex">5</property>
</record>
<record>
  <date>2017-10-30T04:32:26</date>
  <millis>1509318146597</millis>
  <sequence>42</sequence>
  <level>INFO</level>
  <class>com.kms.katalon.core.logging.KeywordLogger</class>
  <method>logMessage</method>
  <thread>1</thread>
  <message>Finding Test Object with id &amp;apos;Object Repository/Page_Sign in to your account/input_passwd&amp;apos;</message>
  <nestedLevel>1</nestedLevel>
</record>
<record>
  <date>2017-10-30T04:32:26</date>
  <millis>1509318146605</millis>
  <sequence>43</sequence>
  <level>INFO</level>
  <class>com.kms.katalon.core.logging.KeywordLogger</class>
  <method>logMessage</method>
  <thread>1</thread>
  <message>Checking object</message>
  <nestedLevel>1</nestedLevel>
</record>
<record>
  <date>2017-10-30T04:32:26</date>
  <millis>1509318146605</millis>
  <sequence>44</sequence>
  <level>INFO</level>
  <class>com.kms.katalon.core.logging.KeywordLogger</class>
  <method>logMessage</method>
  <thread>1</thread>
  <message>Checking text</message>
  <nestedLevel>1</nestedLevel>
</record>
<record>
  <date>2017-10-30T04:32:26</date>
  <millis>1509318146606</millis>
  <sequence>45</sequence>
  <level>INFO</level>
  <class>com.kms.katalon.core.logging.KeywordLogger</class>
  <method>logMessage</method>
  <thread>1</thread>
  <message>Checking timeout</message>
  <nestedLevel>1</nestedLevel>
</record>
<record>
  <date>2017-10-30T04:32:26</date>
  <millis>1509318146607</millis>
  <sequence>46</sequence>
  <level>INFO</level>
  <class>com.kms.katalon.core.logging.KeywordLogger</class>
  <method>logMessage</method>
  <thread>1</thread>
  <message>Finding web element with id: &amp;apos;Object Repository/Page_Sign in to your account/input_passwd&amp;apos; located by &amp;apos;By.xpath: //input[count(. | //*[@id = &amp;apos;cred_password_inputtext&amp;apos;]) = count(//*[@id = &amp;apos;cred_password_inputtext&amp;apos;])][count(. | //*[@class = &amp;apos;login_textfield textfield required field normaltext&amp;apos;]) = count(//*[@class = &amp;apos;login_textfield textfield required field normaltext&amp;apos;])][count(. | //*[@placeholder = &amp;apos;Password&amp;apos;]) = count(//*[@placeholder = &amp;apos;Password&amp;apos;])][count(. | //*[@spellcheck = &amp;apos;false&amp;apos;]) = count(//*[@spellcheck = &amp;apos;false&amp;apos;])][count(. | //*[@aria-label = &amp;apos;Password&amp;apos;]) = count(//*[@aria-label = &amp;apos;Password&amp;apos;])][count(. | //*[@alt = &amp;apos;Password&amp;apos;]) = count(//*[@alt = &amp;apos;Password&amp;apos;])][count(. | //*[@type = &amp;apos;password&amp;apos;]) = count(//*[@type = &amp;apos;password&amp;apos;])][count(. | //*[@name = &amp;apos;passwd&amp;apos;]) = count(//*[@name = &amp;apos;passwd&amp;apos;])][count(. | //*[@aria-describedby = &amp;apos;accessibleError&amp;apos;]) = count(//*[@aria-describedby = &amp;apos;accessibleError&amp;apos;])][count(. | id(\&amp;quot;cred_password_inputtext\&amp;quot;)) = count(id(\&amp;quot;cred_password_inputtext\&amp;quot;))]&amp;apos; in &amp;apos;30&amp;apos; second(s)</message>
  <nestedLevel>1</nestedLevel>
</record>
<record>
  <date>2017-10-30T04:32:26</date>
  <millis>1509318146645</millis>
  <sequence>47</sequence>
  <level>INFO</level>
  <class>com.kms.katalon.core.logging.KeywordLogger</class>
  <method>logMessage</method>
  <thread>1</thread>
  <message>Found 1 web elements with id: &amp;apos;Object Repository/Page_Sign in to your account/input_passwd&amp;apos; located by &amp;apos;By.xpath: //input[count(. | //*[@id = &amp;apos;cred_password_inputtext&amp;apos;]) = count(//*[@id = &amp;apos;cred_password_inputtext&amp;apos;])][count(. | //*[@class = &amp;apos;login_textfield textfield required field normaltext&amp;apos;]) = count(//*[@class = &amp;apos;login_textfield textfield required field normaltext&amp;apos;])][count(. | //*[@placeholder = &amp;apos;Password&amp;apos;]) = count(//*[@placeholder = &amp;apos;Password&amp;apos;])][count(. | //*[@spellcheck = &amp;apos;false&amp;apos;]) = count(//*[@spellcheck = &amp;apos;false&amp;apos;])][count(. | //*[@aria-label = &amp;apos;Password&amp;apos;]) = count(//*[@aria-label = &amp;apos;Password&amp;apos;])][count(. | //*[@alt = &amp;apos;Password&amp;apos;]) = count(//*[@alt = &amp;apos;Password&amp;apos;])][count(. | //*[@type = &amp;apos;password&amp;apos;]) = count(//*[@type = &amp;apos;password&amp;apos;])][count(. | //*[@name = &amp;apos;passwd&amp;apos;]) = count(//*[@name = &amp;apos;passwd&amp;apos;])][count(. | //*[@aria-describedby = &amp;apos;accessibleError&amp;apos;]) = count(//*[@aria-describedby = &amp;apos;accessibleError&amp;apos;])][count(. | id(\&amp;quot;cred_password_inputtext\&amp;quot;)) = count(id(\&amp;quot;cred_password_inputtext\&amp;quot;))]&amp;apos; in &amp;apos;30&amp;apos; second(s)</message>
  <nestedLevel>1</nestedLevel>
</record>
<record>
  <date>2017-10-30T04:32:26</date>
  <millis>1509318146646</millis>
  <sequence>48</sequence>
  <level>INFO</level>
  <class>com.kms.katalon.core.logging.KeywordLogger</class>
  <method>logMessage</method>
  <thread>1</thread>
  <message>Clearing text of object &amp;apos;Object Repository/Page_Sign in to your account/input_passwd&amp;apos;</message>
  <nestedLevel>1</nestedLevel>
</record>
<record>
  <date>2017-10-30T04:32:26</date>
  <millis>1509318146678</millis>
  <sequence>49</sequence>
  <level>INFO</level>
  <class>com.kms.katalon.core.logging.KeywordLogger</class>
  <method>logMessage</method>
  <thread>1</thread>
  <message>Checking timeout</message>
  <nestedLevel>1</nestedLevel>
</record>
<record>
  <date>2017-10-30T04:32:26</date>
  <millis>1509318146680</millis>
  <sequence>50</sequence>
  <level>INFO</level>
  <class>com.kms.katalon.core.logging.KeywordLogger</class>
  <method>logMessage</method>
  <thread>1</thread>
  <message>Finding web element with id: &amp;apos;Object Repository/Page_Sign in to your account/input_passwd&amp;apos; located by &amp;apos;By.xpath: //input[count(. | //*[@id = &amp;apos;cred_password_inputtext&amp;apos;]) = count(//*[@id = &amp;apos;cred_password_inputtext&amp;apos;])][count(. | //*[@class = &amp;apos;login_textfield textfield required field normaltext&amp;apos;]) = count(//*[@class = &amp;apos;login_textfield textfield required field normaltext&amp;apos;])][count(. | //*[@placeholder = &amp;apos;Password&amp;apos;]) = count(//*[@placeholder = &amp;apos;Password&amp;apos;])][count(. | //*[@spellcheck = &amp;apos;false&amp;apos;]) = count(//*[@spellcheck = &amp;apos;false&amp;apos;])][count(. | //*[@aria-label = &amp;apos;Password&amp;apos;]) = count(//*[@aria-label = &amp;apos;Password&amp;apos;])][count(. | //*[@alt = &amp;apos;Password&amp;apos;]) = count(//*[@alt = &amp;apos;Password&amp;apos;])][count(. | //*[@type = &amp;apos;password&amp;apos;]) = count(//*[@type = &amp;apos;password&amp;apos;])][count(. | //*[@name = &amp;apos;passwd&amp;apos;]) = count(//*[@name = &amp;apos;passwd&amp;apos;])][count(. | //*[@aria-describedby = &amp;apos;accessibleError&amp;apos;]) = count(//*[@aria-describedby = &amp;apos;accessibleError&amp;apos;])][count(. | id(\&amp;quot;cred_password_inputtext\&amp;quot;)) = count(id(\&amp;quot;cred_password_inputtext\&amp;quot;))]&amp;apos; in &amp;apos;30&amp;apos; second(s)</message>
  <nestedLevel>1</nestedLevel>
</record>
<record>
  <date>2017-10-30T04:32:26</date>
  <millis>1509318146697</millis>
  <sequence>51</sequence>
  <level>INFO</level>
  <class>com.kms.katalon.core.logging.KeywordLogger</class>
  <method>logMessage</method>
  <thread>1</thread>
  <message>Found 1 web elements with id: &amp;apos;Object Repository/Page_Sign in to your account/input_passwd&amp;apos; located by &amp;apos;By.xpath: //input[count(. | //*[@id = &amp;apos;cred_password_inputtext&amp;apos;]) = count(//*[@id = &amp;apos;cred_password_inputtext&amp;apos;])][count(. | //*[@class = &amp;apos;login_textfield textfield required field normaltext&amp;apos;]) = count(//*[@class = &amp;apos;login_textfield textfield required field normaltext&amp;apos;])][count(. | //*[@placeholder = &amp;apos;Password&amp;apos;]) = count(//*[@placeholder = &amp;apos;Password&amp;apos;])][count(. | //*[@spellcheck = &amp;apos;false&amp;apos;]) = count(//*[@spellcheck = &amp;apos;false&amp;apos;])][count(. | //*[@aria-label = &amp;apos;Password&amp;apos;]) = count(//*[@aria-label = &amp;apos;Password&amp;apos;])][count(. | //*[@alt = &amp;apos;Password&amp;apos;]) = count(//*[@alt = &amp;apos;Password&amp;apos;])][count(. | //*[@type = &amp;apos;password&amp;apos;]) = count(//*[@type = &amp;apos;password&amp;apos;])][count(. | //*[@name = &amp;apos;passwd&amp;apos;]) = count(//*[@name = &amp;apos;passwd&amp;apos;])][count(. | //*[@aria-describedby = &amp;apos;accessibleError&amp;apos;]) = count(//*[@aria-describedby = &amp;apos;accessibleError&amp;apos;])][count(. | id(\&amp;quot;cred_password_inputtext\&amp;quot;)) = count(id(\&amp;quot;cred_password_inputtext\&amp;quot;))]&amp;apos; in &amp;apos;30&amp;apos; second(s)</message>
  <nestedLevel>1</nestedLevel>
</record>
<record>
  <date>2017-10-30T04:32:26</date>
  <millis>1509318146698</millis>
  <sequence>52</sequence>
  <level>INFO</level>
  <class>com.kms.katalon.core.logging.KeywordLogger</class>
  <method>logMessage</method>
  <thread>1</thread>
  <message>Setting text of object &amp;apos;Object Repository/Page_Sign in to your account/input_passwd&amp;apos; to value &amp;apos;kirti123#&amp;apos;</message>
  <nestedLevel>1</nestedLevel>
</record>
<record>
  <date>2017-10-30T04:32:26</date>
  <millis>1509318146752</millis>
  <sequence>53</sequence>
  <level>PASSED</level>
  <class>com.kms.katalon.core.logging.KeywordLogger</class>
  <method>logMessage</method>
  <thread>1</thread>
  <message>Text &amp;apos;kirti123#&amp;apos; is set on object &amp;apos;Object Repository/Page_Sign in to your account/input_passwd&amp;apos;</message>
  <nestedLevel>1</nestedLevel>
</record>
<record>
  <date>2017-10-30T04:32:26</date>
  <millis>1509318146753</millis>
  <sequence>54</sequence>
  <level>END</level>
  <class>com.kms.katalon.core.logging.KeywordLogger</class>
  <method>endKeyword</method>
  <thread>1</thread>
  <message>End action : setText</message>
  <nestedLevel>1</nestedLevel>
</record>
<record>
  <date>2017-10-30T04:32:26</date>
  <millis>1509318146753</millis>
  <sequence>55</sequence>
  <level>START</level>
  <class>com.kms.katalon.core.logging.KeywordLogger</class>
  <method>startKeyword</method>
  <thread>1</thread>
  <message>Start action : waitForPageLoad</message>
  <nestedLevel>1</nestedLevel>
  <property name="startLine">33</property>
  <property name="stepIndex">6</property>
</record>
<record>
  <date>2017-10-30T04:32:26</date>
  <millis>1509318146766</millis>
  <sequence>56</sequence>
  <level>INFO</level>
  <class>com.kms.katalon.core.logging.KeywordLogger</class>
  <method>logMessage</method>
  <thread>1</thread>
  <message>Checking timeout</message>
  <nestedLevel>1</nestedLevel>
</record>
<record>
  <date>2017-10-30T04:32:26</date>
  <millis>1509318146809</millis>
  <sequence>57</sequence>
  <level>PASSED</level>
  <class>com.kms.katalon.core.logging.KeywordLogger</class>
  <method>logMessage</method>
  <thread>1</thread>
  <message>Wait for page load successfully</message>
  <nestedLevel>1</nestedLevel>
</record>
<record>
  <date>2017-10-30T04:32:26</date>
  <millis>1509318146809</millis>
  <sequence>58</sequence>
  <level>END</level>
  <class>com.kms.katalon.core.logging.KeywordLogger</class>
  <method>endKeyword</method>
  <thread>1</thread>
  <message>End action : waitForPageLoad</message>
  <nestedLevel>1</nestedLevel>
</record>
<record>
  <date>2017-10-30T04:32:26</date>
  <millis>1509318146810</millis>
  <sequence>59</sequence>
  <level>START</level>
  <class>com.kms.katalon.core.logging.KeywordLogger</class>
  <method>startKeyword</method>
  <thread>1</thread>
  <message>Start action : sendKeys</message>
  <nestedLevel>1</nestedLevel>
  <property name="startLine">35</property>
  <property name="stepIndex">7</property>
</record>
<record>
  <date>2017-10-30T04:32:26</date>
  <millis>1509318146810</millis>
  <sequence>60</sequence>
  <level>INFO</level>
  <class>com.kms.katalon.core.logging.KeywordLogger</class>
  <method>logMessage</method>
  <thread>1</thread>
  <message>Finding Test Object with id &amp;apos;Object Repository/Page_Sign in to your account/button_Sign in&amp;apos;</message>
  <nestedLevel>1</nestedLevel>
</record>
<record>
  <date>2017-10-30T04:32:26</date>
  <millis>1509318146833</millis>
  <sequence>61</sequence>
  <level>INFO</level>
  <class>com.kms.katalon.core.logging.KeywordLogger</class>
  <method>logMessage</method>
  <thread>1</thread>
  <message>Sending keys &amp;apos;ENTER + &amp;apos; to object: &amp;apos;Object Repository/Page_Sign in to your account/button_Sign in&amp;apos;</message>
  <nestedLevel>1</nestedLevel>
</record>
<record>
  <date>2017-10-30T04:32:26</date>
  <millis>1509318146833</millis>
  <sequence>62</sequence>
  <level>INFO</level>
  <class>com.kms.katalon.core.logging.KeywordLogger</class>
  <method>logMessage</method>
  <thread>1</thread>
  <message>Checking timeout</message>
  <nestedLevel>1</nestedLevel>
</record>
<record>
  <date>2017-10-30T04:32:26</date>
  <millis>1509318146834</millis>
  <sequence>63</sequence>
  <level>INFO</level>
  <class>com.kms.katalon.core.logging.KeywordLogger</class>
  <method>logMessage</method>
  <thread>1</thread>
  <message>Finding web element with id: &amp;apos;Object Repository/Page_Sign in to your account/button_Sign in&amp;apos; located by &amp;apos;By.xpath: //button[count(. | //*[@id = &amp;apos;cred_sign_in_button&amp;apos;]) = count(//*[@id = &amp;apos;cred_sign_in_button&amp;apos;])][count(. | //*[@class = &amp;apos;button normaltext cred_sign_in_button refresh_domain_state control-button button-two button_primary&amp;apos;]) = count(//*[@class = &amp;apos;button normaltext cred_sign_in_button refresh_domain_state control-button button-two button_primary&amp;apos;])][count(. | //*[text() = &amp;apos;\n            Sign in\n        &amp;apos;]) = count(//*[text() = &amp;apos;\n            Sign in\n        &amp;apos;])][count(. | id(\&amp;quot;cred_sign_in_button\&amp;quot;)) = count(id(\&amp;quot;cred_sign_in_button\&amp;quot;))]&amp;apos; in &amp;apos;30&amp;apos; second(s)</message>
  <nestedLevel>1</nestedLevel>
</record>
<record>
  <date>2017-10-30T04:32:26</date>
  <millis>1509318146878</millis>
  <sequence>64</sequence>
  <level>INFO</level>
  <class>com.kms.katalon.core.logging.KeywordLogger</class>
  <method>logMessage</method>
  <thread>1</thread>
  <message>Found 1 web elements with id: &amp;apos;Object Repository/Page_Sign in to your account/button_Sign in&amp;apos; located by &amp;apos;By.xpath: //button[count(. | //*[@id = &amp;apos;cred_sign_in_button&amp;apos;]) = count(//*[@id = &amp;apos;cred_sign_in_button&amp;apos;])][count(. | //*[@class = &amp;apos;button normaltext cred_sign_in_button refresh_domain_state control-button button-two button_primary&amp;apos;]) = count(//*[@class = &amp;apos;button normaltext cred_sign_in_button refresh_domain_state control-button button-two button_primary&amp;apos;])][count(. | //*[text() = &amp;apos;\n            Sign in\n        &amp;apos;]) = count(//*[text() = &amp;apos;\n            Sign in\n        &amp;apos;])][count(. | id(\&amp;quot;cred_sign_in_button\&amp;quot;)) = count(id(\&amp;quot;cred_sign_in_button\&amp;quot;))]&amp;apos; in &amp;apos;30&amp;apos; second(s)</message>
  <nestedLevel>1</nestedLevel>
</record>
<record>
  <date>2017-10-30T04:32:26</date>
  <millis>1509318146963</millis>
  <sequence>65</sequence>
  <level>PASSED</level>
  <class>com.kms.katalon.core.logging.KeywordLogger</class>
  <method>logMessage</method>
  <thread>1</thread>
  <message>Keys &amp;apos;ENTER + &amp;apos; sent to object: &amp;apos;Object Repository/Page_Sign in to your account/button_Sign in&amp;apos;</message>
  <nestedLevel>1</nestedLevel>
</record>
<record>
  <date>2017-10-30T04:32:26</date>
  <millis>1509318146964</millis>
  <sequence>66</sequence>
  <level>END</level>
  <class>com.kms.katalon.core.logging.KeywordLogger</class>
  <method>endKeyword</method>
  <thread>1</thread>
  <message>End action : sendKeys</message>
  <nestedLevel>1</nestedLevel>
</record>
<record>
  <date>2017-10-30T04:32:26</date>
  <millis>1509318146964</millis>
  <sequence>67</sequence>
  <level>START</level>
  <class>com.kms.katalon.core.logging.KeywordLogger</class>
  <method>startKeyword</method>
  <thread>1</thread>
  <message>Start action : click</message>
  <nestedLevel>1</nestedLevel>
  <property name="startLine">37</property>
  <property name="stepIndex">8</property>
</record>
<record>
  <date>2017-10-30T04:32:26</date>
  <millis>1509318146966</millis>
  <sequence>68</sequence>
  <level>INFO</level>
  <class>com.kms.katalon.core.logging.KeywordLogger</class>
  <method>logMessage</method>
  <thread>1</thread>
  <message>Finding Test Object with id &amp;apos;Object Repository/Page_Sign in to your account/button_Sign in&amp;apos;</message>
  <nestedLevel>1</nestedLevel>
</record>
<record>
  <date>2017-10-30T04:32:26</date>
  <millis>1509318146983</millis>
  <sequence>69</sequence>
  <level>INFO</level>
  <class>com.kms.katalon.core.logging.KeywordLogger</class>
  <method>logMessage</method>
  <thread>1</thread>
  <message>Checking object</message>
  <nestedLevel>1</nestedLevel>
</record>
<record>
  <date>2017-10-30T04:32:26</date>
  <millis>1509318146984</millis>
  <sequence>70</sequence>
  <level>INFO</level>
  <class>com.kms.katalon.core.logging.KeywordLogger</class>
  <method>logMessage</method>
  <thread>1</thread>
  <message>Checking timeout</message>
  <nestedLevel>1</nestedLevel>
</record>
<record>
  <date>2017-10-30T04:32:26</date>
  <millis>1509318146989</millis>
  <sequence>71</sequence>
  <level>INFO</level>
  <class>com.kms.katalon.core.logging.KeywordLogger</class>
  <method>logMessage</method>
  <thread>1</thread>
  <message>Finding web element with id: &amp;apos;Object Repository/Page_Sign in to your account/button_Sign in&amp;apos; located by &amp;apos;By.xpath: //button[count(. | //*[@id = &amp;apos;cred_sign_in_button&amp;apos;]) = count(//*[@id = &amp;apos;cred_sign_in_button&amp;apos;])][count(. | //*[@class = &amp;apos;button normaltext cred_sign_in_button refresh_domain_state control-button button-two button_primary&amp;apos;]) = count(//*[@class = &amp;apos;button normaltext cred_sign_in_button refresh_domain_state control-button button-two button_primary&amp;apos;])][count(. | //*[text() = &amp;apos;\n            Sign in\n        &amp;apos;]) = count(//*[text() = &amp;apos;\n            Sign in\n        &amp;apos;])][count(. | id(\&amp;quot;cred_sign_in_button\&amp;quot;)) = count(id(\&amp;quot;cred_sign_in_button\&amp;quot;))]&amp;apos; in &amp;apos;30&amp;apos; second(s)</message>
  <nestedLevel>1</nestedLevel>
</record>
<record>
  <date>2017-10-30T04:32:27</date>
  <millis>1509318147065</millis>
  <sequence>72</sequence>
  <level>INFO</level>
  <class>com.kms.katalon.core.logging.KeywordLogger</class>
  <method>logMessage</method>
  <thread>1</thread>
  <message>Found 1 web elements with id: &amp;apos;Object Repository/Page_Sign in to your account/button_Sign in&amp;apos; located by &amp;apos;By.xpath: //button[count(. | //*[@id = &amp;apos;cred_sign_in_button&amp;apos;]) = count(//*[@id = &amp;apos;cred_sign_in_button&amp;apos;])][count(. | //*[@class = &amp;apos;button normaltext cred_sign_in_button refresh_domain_state control-button button-two button_primary&amp;apos;]) = count(//*[@class = &amp;apos;button normaltext cred_sign_in_button refresh_domain_state control-button button-two button_primary&amp;apos;])][count(. | //*[text() = &amp;apos;\n            Sign in\n        &amp;apos;]) = count(//*[text() = &amp;apos;\n            Sign in\n        &amp;apos;])][count(. | id(\&amp;quot;cred_sign_in_button\&amp;quot;)) = count(id(\&amp;quot;cred_sign_in_button\&amp;quot;))]&amp;apos; in &amp;apos;30&amp;apos; second(s)</message>
  <nestedLevel>1</nestedLevel>
</record>
<record>
  <date>2017-10-30T04:32:27</date>
  <millis>1509318147066</millis>
  <sequence>73</sequence>
  <level>INFO</level>
  <class>com.kms.katalon.core.logging.KeywordLogger</class>
  <method>logMessage</method>
  <thread>1</thread>
  <message>Clicking on object: &amp;apos;Object Repository/Page_Sign in to your account/button_Sign in&amp;apos;</message>
  <nestedLevel>1</nestedLevel>
</record>
<record>
  <date>2017-10-30T04:32:27</date>
  <millis>1509318147142</millis>
  <sequence>74</sequence>
  <level>PASSED</level>
  <class>com.kms.katalon.core.logging.KeywordLogger</class>
  <method>logMessage</method>
  <thread>1</thread>
  <message>Object: &amp;apos;Object Repository/Page_Sign in to your account/button_Sign in&amp;apos; is clicked on</message>
  <nestedLevel>1</nestedLevel>
</record>
<record>
  <date>2017-10-30T04:32:27</date>
  <millis>1509318147143</millis>
  <sequence>75</sequence>
  <level>END</level>
  <class>com.kms.katalon.core.logging.KeywordLogger</class>
  <method>endKeyword</method>
  <thread>1</thread>
  <message>End action : click</message>
  <nestedLevel>1</nestedLevel>
</record>
<record>
  <date>2017-10-30T04:32:27</date>
  <millis>1509318147144</millis>
  <sequence>76</sequence>
  <level>PASSED</level>
  <class>com.kms.katalon.core.logging.KeywordLogger</class>
  <method>logMessage</method>
  <thread>1</thread>
  <message>Test Cases/TC01</message>
  <nestedLevel>1</nestedLevel>
</record>
<record>
  <date>2017-10-30T04:32:27</date>
  <millis>1509318147144</millis>
  <sequence>77</sequence>
  <level>END</level>
  <class>com.kms.katalon.core.logging.KeywordLogger</class>
  <method>endTest</method>
  <thread>1</thread>
  <message>End Test Case : Test Cases/TC01</message>
  <nestedLevel>0</nestedLevel>
</record>
<record>
  <date>2017-10-30T04:32:27</date>
  <millis>1509318147209</millis>
  <sequence>78</sequence>
  <level>START</level>
  <class>com.kms.katalon.core.logging.KeywordLogger</class>
  <method>startTest</method>
  <thread>1</thread>
  <message>Start Test Case : Test Cases/TC02</message>
  <nestedLevel>1</nestedLevel>
  <property name="name">Test Cases/TC02</property>
  <property name="description"></property>
  <property name="id">Test Cases/TC02</property>
  <property name="source">C:\\Users\\lokesh\\Katalon Studio\\recordedTest Cases\\TC02.tc</property>
  <property name="isOptional">false</property>
</record>
<record>
  <date>2017-10-30T04:32:27</date>
  <millis>1509318147243</millis>
  <sequence>79</sequence>
  <level>INFO</level>
  <class>com.kms.katalon.core.logging.KeywordLogger</class>
  <method>logMessage</method>
  <thread>1</thread>
  <message>Evaluating variables for test case</message>
  <nestedLevel>1</nestedLevel>
</record>
<record>
  <date>2017-10-30T04:32:27</date>
  <millis>1509318147431</millis>
  <sequence>80</sequence>
  <level>START</level>
  <class>com.kms.katalon.core.logging.KeywordLogger</class>
  <method>startKeyword</method>
  <thread>1</thread>
  <message>Start action : click</message>
  <nestedLevel>1</nestedLevel>
  <property name="startLine">22</property>
  <property name="stepIndex">1</property>
</record>
<record>
  <date>2017-10-30T04:32:27</date>
  <millis>1509318147433</millis>
  <sequence>81</sequence>
  <level>INFO</level>
  <class>com.kms.katalon.core.logging.KeywordLogger</class>
  <method>logMessage</method>
  <thread>1</thread>
  <message>Finding Test Object with id &amp;apos;Object Repository/Page_Dashboards Player Community Da/label_Search for records&amp;apos;</message>
  <nestedLevel>1</nestedLevel>
</record>
<record>
  <date>2017-10-30T04:32:27</date>
  <millis>1509318147448</millis>
  <sequence>82</sequence>
  <level>INFO</level>
  <class>com.kms.katalon.core.logging.KeywordLogger</class>
  <method>logMessage</method>
  <thread>1</thread>
  <message>Finding Test Object with id &amp;apos;Object Repository/Page_Dashboards Player Community Da/iframe_contentIFrame0&amp;apos;</message>
  <nestedLevel>1</nestedLevel>
</record>
<record>
  <date>2017-10-30T04:32:27</date>
  <millis>1509318147464</millis>
  <sequence>83</sequence>
  <level>INFO</level>
  <class>com.kms.katalon.core.logging.KeywordLogger</class>
  <method>logMessage</method>
  <thread>1</thread>
  <message>Checking object</message>
  <nestedLevel>1</nestedLevel>
</record>
<record>
  <date>2017-10-30T04:32:27</date>
  <millis>1509318147465</millis>
  <sequence>84</sequence>
  <level>INFO</level>
  <class>com.kms.katalon.core.logging.KeywordLogger</class>
  <method>logMessage</method>
  <thread>1</thread>
  <message>Object: &amp;apos;Object Repository/Page_Dashboards Player Community Da/label_Search for records&amp;apos; has parent object(s)</message>
  <nestedLevel>1</nestedLevel>
</record>
<record>
  <date>2017-10-30T04:32:27</date>
  <millis>1509318147467</millis>
  <sequence>85</sequence>
  <level>INFO</level>
  <class>com.kms.katalon.core.logging.KeywordLogger</class>
  <method>logMessage</method>
  <thread>1</thread>
  <message>Switching to iframe: &amp;apos;Object Repository/Page_Dashboards Player Community Da/iframe_contentIFrame0&amp;apos;</message>
  <nestedLevel>1</nestedLevel>
</record>
<record>
  <date>2017-10-30T04:32:27</date>
  <millis>1509318147470</millis>
  <sequence>86</sequence>
  <level>INFO</level>
  <class>com.kms.katalon.core.logging.KeywordLogger</class>
  <method>logMessage</method>
  <thread>1</thread>
  <message>Checking timeout</message>
  <nestedLevel>1</nestedLevel>
</record>
<record>
  <date>2017-10-30T04:32:27</date>
  <millis>1509318147470</millis>
  <sequence>87</sequence>
  <level>INFO</level>
  <class>com.kms.katalon.core.logging.KeywordLogger</class>
  <method>logMessage</method>
  <thread>1</thread>
  <message>Finding web element with id: &amp;apos;Object Repository/Page_Dashboards Player Community Da/iframe_contentIFrame0&amp;apos; located by &amp;apos;By.xpath: //iframe[count(. | //*[@frameborder = &amp;apos;0&amp;apos;]) = count(//*[@frameborder = &amp;apos;0&amp;apos;])][count(. | //*[@id = &amp;apos;contentIFrame0&amp;apos;]) = count(//*[@id = &amp;apos;contentIFrame0&amp;apos;])][count(. | //*[@name = &amp;apos;contentIFrame0&amp;apos;]) = count(//*[@name = &amp;apos;contentIFrame0&amp;apos;])][count(. | //*[@title = &amp;apos;Content Area&amp;apos;]) = count(//*[@title = &amp;apos;Content Area&amp;apos;])][count(. | id(\&amp;quot;contentIFrame0\&amp;quot;)) = count(id(\&amp;quot;contentIFrame0\&amp;quot;))]&amp;apos; in &amp;apos;30&amp;apos; second(s)</message>
  <nestedLevel>1</nestedLevel>
</record>
<record>
  <date>2017-10-30T04:32:52</date>
  <millis>1509318172011</millis>
  <sequence>88</sequence>
  <level>INFO</level>
  <class>com.kms.katalon.core.logging.KeywordLogger</class>
  <method>logMessage</method>
  <thread>1</thread>
  <message>Found 1 web elements with id: &amp;apos;Object Repository/Page_Dashboards Player Community Da/iframe_contentIFrame0&amp;apos; located by &amp;apos;By.xpath: //iframe[count(. | //*[@frameborder = &amp;apos;0&amp;apos;]) = count(//*[@frameborder = &amp;apos;0&amp;apos;])][count(. | //*[@id = &amp;apos;contentIFrame0&amp;apos;]) = count(//*[@id = &amp;apos;contentIFrame0&amp;apos;])][count(. | //*[@name = &amp;apos;contentIFrame0&amp;apos;]) = count(//*[@name = &amp;apos;contentIFrame0&amp;apos;])][count(. | //*[@title = &amp;apos;Content Area&amp;apos;]) = count(//*[@title = &amp;apos;Content Area&amp;apos;])][count(. | id(\&amp;quot;contentIFrame0\&amp;quot;)) = count(id(\&amp;quot;contentIFrame0\&amp;quot;))]&amp;apos; in &amp;apos;30&amp;apos; second(s)</message>
  <nestedLevel>1</nestedLevel>
</record>
<record>
  <date>2017-10-30T04:32:52</date>
  <millis>1509318172040</millis>
  <sequence>89</sequence>
  <level>INFO</level>
  <class>com.kms.katalon.core.logging.KeywordLogger</class>
  <method>logMessage</method>
  <thread>1</thread>
  <message>Switched to iframe: &amp;apos;Object Repository/Page_Dashboards Player Community Da/iframe_contentIFrame0&amp;apos;</message>
  <nestedLevel>1</nestedLevel>
</record>
<record>
  <date>2017-10-30T04:32:52</date>
  <millis>1509318172040</millis>
  <sequence>90</sequence>
  <level>INFO</level>
  <class>com.kms.katalon.core.logging.KeywordLogger</class>
  <method>logMessage</method>
  <thread>1</thread>
  <message>Checking timeout</message>
  <nestedLevel>1</nestedLevel>
</record>
<record>
  <date>2017-10-30T04:32:52</date>
  <millis>1509318172041</millis>
  <sequence>91</sequence>
  <level>INFO</level>
  <class>com.kms.katalon.core.logging.KeywordLogger</class>
  <method>logMessage</method>
  <thread>1</thread>
  <message>Finding web element with id: &amp;apos;Object Repository/Page_Dashboards Player Community Da/label_Search for records&amp;apos; located by &amp;apos;By.xpath: //label[count(. | //*[@for = &amp;apos;Component0458004_findCriteria&amp;apos;]) = count(//*[@for = &amp;apos;Component0458004_findCriteria&amp;apos;])][count(. | //*[@id = &amp;apos;Component0458004_findHintText&amp;apos;]) = count(//*[@id = &amp;apos;Component0458004_findHintText&amp;apos;])][count(. | //*[@class = &amp;apos;ms-crm-Dialog-Lookup-QuickFindHint ms-crm-TextAutoEllipsis&amp;apos;]) = count(//*[@class = &amp;apos;ms-crm-Dialog-Lookup-QuickFindHint ms-crm-TextAutoEllipsis&amp;apos;])][count(. | //*[text() = &amp;apos;Search for records&amp;apos;]) = count(//*[text() = &amp;apos;Search for records&amp;apos;])][count(. | id(\&amp;quot;Component0458004_findHintText\&amp;quot;)) = count(id(\&amp;quot;Component0458004_findHintText\&amp;quot;))]&amp;apos; in &amp;apos;30&amp;apos; second(s)</message>
  <nestedLevel>1</nestedLevel>
</record>
<record>
  <date>2017-10-30T04:32:52</date>
  <millis>1509318172074</millis>
  <sequence>92</sequence>
  <level>INFO</level>
  <class>com.kms.katalon.core.logging.KeywordLogger</class>
  <method>logMessage</method>
  <thread>1</thread>
  <message>Found 1 web elements with id: &amp;apos;Object Repository/Page_Dashboards Player Community Da/label_Search for records&amp;apos; located by &amp;apos;By.xpath: //label[count(. | //*[@for = &amp;apos;Component0458004_findCriteria&amp;apos;]) = count(//*[@for = &amp;apos;Component0458004_findCriteria&amp;apos;])][count(. | //*[@id = &amp;apos;Component0458004_findHintText&amp;apos;]) = count(//*[@id = &amp;apos;Component0458004_findHintText&amp;apos;])][count(. | //*[@class = &amp;apos;ms-crm-Dialog-Lookup-QuickFindHint ms-crm-TextAutoEllipsis&amp;apos;]) = count(//*[@class = &amp;apos;ms-crm-Dialog-Lookup-QuickFindHint ms-crm-TextAutoEllipsis&amp;apos;])][count(. | //*[text() = &amp;apos;Search for records&amp;apos;]) = count(//*[text() = &amp;apos;Search for records&amp;apos;])][count(. | id(\&amp;quot;Component0458004_findHintText\&amp;quot;)) = count(id(\&amp;quot;Component0458004_findHintText\&amp;quot;))]&amp;apos; in &amp;apos;30&amp;apos; second(s)</message>
  <nestedLevel>1</nestedLevel>
</record>
<record>
  <date>2017-10-30T04:32:52</date>
  <millis>1509318172075</millis>
  <sequence>93</sequence>
  <level>INFO</level>
  <class>com.kms.katalon.core.logging.KeywordLogger</class>
  <method>logMessage</method>
  <thread>1</thread>
  <message>Clicking on object: &amp;apos;Object Repository/Page_Dashboards Player Community Da/label_Search for records&amp;apos;</message>
  <nestedLevel>1</nestedLevel>
</record>
<record>
  <date>2017-10-30T04:32:52</date>
  <millis>1509318172192</millis>
  <sequence>94</sequence>
  <level>PASSED</level>
  <class>com.kms.katalon.core.logging.KeywordLogger</class>
  <method>logMessage</method>
  <thread>1</thread>
  <message>Object: &amp;apos;Object Repository/Page_Dashboards Player Community Da/label_Search for records&amp;apos; is clicked on</message>
  <nestedLevel>1</nestedLevel>
</record>
<record>
  <date>2017-10-30T04:32:52</date>
  <millis>1509318172203</millis>
  <sequence>95</sequence>
  <level>INFO</level>
  <class>com.kms.katalon.core.logging.KeywordLogger</class>
  <method>logMessage</method>
  <thread>1</thread>
  <message>Switching to default content</message>
  <nestedLevel>1</nestedLevel>
</record>
<record>
  <date>2017-10-30T04:32:52</date>
  <millis>1509318172218</millis>
  <sequence>96</sequence>
  <level>END</level>
  <class>com.kms.katalon.core.logging.KeywordLogger</class>
  <method>endKeyword</method>
  <thread>1</thread>
  <message>End action : click</message>
  <nestedLevel>1</nestedLevel>
</record>
<record>
  <date>2017-10-30T04:32:52</date>
  <millis>1509318172218</millis>
  <sequence>97</sequence>
  <level>START</level>
  <class>com.kms.katalon.core.logging.KeywordLogger</class>
  <method>startKeyword</method>
  <thread>1</thread>
  <message>Start action : setText</message>
  <nestedLevel>1</nestedLevel>
  <property name="startLine">24</property>
  <property name="stepIndex">2</property>
</record>
<record>
  <date>2017-10-30T04:32:52</date>
  <millis>1509318172219</millis>
  <sequence>98</sequence>
  <level>INFO</level>
  <class>com.kms.katalon.core.logging.KeywordLogger</class>
  <method>logMessage</method>
  <thread>1</thread>
  <message>Finding Test Object with id &amp;apos;Object Repository/Page_Dashboards Player Community Da/input_Component0458004_findCri&amp;apos;</message>
  <nestedLevel>1</nestedLevel>
</record>
<record>
  <date>2017-10-30T04:32:52</date>
  <millis>1509318172236</millis>
  <sequence>99</sequence>
  <level>INFO</level>
  <class>com.kms.katalon.core.logging.KeywordLogger</class>
  <method>logMessage</method>
  <thread>1</thread>
  <message>Finding Test Object with id &amp;apos;Object Repository/Page_Dashboards Player Community Da/iframe_contentIFrame0&amp;apos;</message>
  <nestedLevel>1</nestedLevel>
</record>
<record>
  <date>2017-10-30T04:32:52</date>
  <millis>1509318172240</millis>
  <sequence>100</sequence>
  <level>INFO</level>
  <class>com.kms.katalon.core.logging.KeywordLogger</class>
  <method>logMessage</method>
  <thread>1</thread>
  <message>Checking object</message>
  <nestedLevel>1</nestedLevel>
</record>
<record>
  <date>2017-10-30T04:32:52</date>
  <millis>1509318172240</millis>
  <sequence>101</sequence>
  <level>INFO</level>
  <class>com.kms.katalon.core.logging.KeywordLogger</class>
  <method>logMessage</method>
  <thread>1</thread>
  <message>Checking text</message>
  <nestedLevel>1</nestedLevel>
</record>
<record>
  <date>2017-10-30T04:32:52</date>
  <millis>1509318172241</millis>
  <sequence>102</sequence>
  <level>INFO</level>
  <class>com.kms.katalon.core.logging.KeywordLogger</class>
  <method>logMessage</method>
  <thread>1</thread>
  <message>Object: &amp;apos;Object Repository/Page_Dashboards Player Community Da/input_Component0458004_findCri&amp;apos; has parent object(s)</message>
  <nestedLevel>1</nestedLevel>
</record>
<record>
  <date>2017-10-30T04:32:52</date>
  <millis>1509318172241</millis>
  <sequence>103</sequence>
  <level>INFO</level>
  <class>com.kms.katalon.core.logging.KeywordLogger</class>
  <method>logMessage</method>
  <thread>1</thread>
  <message>Switching to iframe: &amp;apos;Object Repository/Page_Dashboards Player Community Da/iframe_contentIFrame0&amp;apos;</message>
  <nestedLevel>1</nestedLevel>
</record>
<record>
  <date>2017-10-30T04:32:52</date>
  <millis>1509318172241</millis>
  <sequence>104</sequence>
  <level>INFO</level>
  <class>com.kms.katalon.core.logging.KeywordLogger</class>
  <method>logMessage</method>
  <thread>1</thread>
  <message>Checking timeout</message>
  <nestedLevel>1</nestedLevel>
</record>
<record>
  <date>2017-10-30T04:32:52</date>
  <millis>1509318172242</millis>
  <sequence>105</sequence>
  <level>INFO</level>
  <class>com.kms.katalon.core.logging.KeywordLogger</class>
  <method>logMessage</method>
  <thread>1</thread>
  <message>Finding web element with id: &amp;apos;Object Repository/Page_Dashboards Player Community Da/iframe_contentIFrame0&amp;apos; located by &amp;apos;By.xpath: //iframe[count(. | //*[@frameborder = &amp;apos;0&amp;apos;]) = count(//*[@frameborder = &amp;apos;0&amp;apos;])][count(. | //*[@id = &amp;apos;contentIFrame0&amp;apos;]) = count(//*[@id = &amp;apos;contentIFrame0&amp;apos;])][count(. | //*[@name = &amp;apos;contentIFrame0&amp;apos;]) = count(//*[@name = &amp;apos;contentIFrame0&amp;apos;])][count(. | //*[@title = &amp;apos;Content Area&amp;apos;]) = count(//*[@title = &amp;apos;Content Area&amp;apos;])][count(. | id(\&amp;quot;contentIFrame0\&amp;quot;)) = count(id(\&amp;quot;contentIFrame0\&amp;quot;))]&amp;apos; in &amp;apos;30&amp;apos; second(s)</message>
  <nestedLevel>1</nestedLevel>
</record>
<record>
  <date>2017-10-30T04:32:52</date>
  <millis>1509318172254</millis>
  <sequence>106</sequence>
  <level>INFO</level>
  <class>com.kms.katalon.core.logging.KeywordLogger</class>
  <method>logMessage</method>
  <thread>1</thread>
  <message>Found 1 web elements with id: &amp;apos;Object Repository/Page_Dashboards Player Community Da/iframe_contentIFrame0&amp;apos; located by &amp;apos;By.xpath: //iframe[count(. | //*[@frameborder = &amp;apos;0&amp;apos;]) = count(//*[@frameborder = &amp;apos;0&amp;apos;])][count(. | //*[@id = &amp;apos;contentIFrame0&amp;apos;]) = count(//*[@id = &amp;apos;contentIFrame0&amp;apos;])][count(. | //*[@name = &amp;apos;contentIFrame0&amp;apos;]) = count(//*[@name = &amp;apos;contentIFrame0&amp;apos;])][count(. | //*[@title = &amp;apos;Content Area&amp;apos;]) = count(//*[@title = &amp;apos;Content Area&amp;apos;])][count(. | id(\&amp;quot;contentIFrame0\&amp;quot;)) = count(id(\&amp;quot;contentIFrame0\&amp;quot;))]&amp;apos; in &amp;apos;30&amp;apos; second(s)</message>
  <nestedLevel>1</nestedLevel>
</record>
<record>
  <date>2017-10-30T04:32:52</date>
  <millis>1509318172269</millis>
  <sequence>107</sequence>
  <level>INFO</level>
  <class>com.kms.katalon.core.logging.KeywordLogger</class>
  <method>logMessage</method>
  <thread>1</thread>
  <message>Switched to iframe: &amp;apos;Object Repository/Page_Dashboards Player Community Da/iframe_contentIFrame0&amp;apos;</message>
  <nestedLevel>1</nestedLevel>
</record>
<record>
  <date>2017-10-30T04:32:52</date>
  <millis>1509318172269</millis>
  <sequence>108</sequence>
  <level>INFO</level>
  <class>com.kms.katalon.core.logging.KeywordLogger</class>
  <method>logMessage</method>
  <thread>1</thread>
  <message>Checking timeout</message>
  <nestedLevel>1</nestedLevel>
</record>
<record>
  <date>2017-10-30T04:32:52</date>
  <millis>1509318172270</millis>
  <sequence>109</sequence>
  <level>INFO</level>
  <class>com.kms.katalon.core.logging.KeywordLogger</class>
  <method>logMessage</method>
  <thread>1</thread>
  <message>Finding web element with id: &amp;apos;Object Repository/Page_Dashboards Player Community Da/input_Component0458004_findCri&amp;apos; located by &amp;apos;By.xpath: //input[count(. | //*[@id = &amp;apos;Component0458004_findCriteria&amp;apos;]) = count(//*[@id = &amp;apos;Component0458004_findCriteria&amp;apos;])][count(. | //*[@title = &amp;apos;Search for records&amp;apos;]) = count(//*[@title = &amp;apos;Search for records&amp;apos;])][count(. | //*[@hintlabelid = &amp;apos;Component0458004_findHintText&amp;apos;]) = count(//*[@hintlabelid = &amp;apos;Component0458004_findHintText&amp;apos;])][count(. | //*[@type = &amp;apos;text&amp;apos;]) = count(//*[@type = &amp;apos;text&amp;apos;])][count(. | //*[@class = &amp;apos;ms-crm-Dialog-Lookup-QuickFind&amp;apos;]) = count(//*[@class = &amp;apos;ms-crm-Dialog-Lookup-QuickFind&amp;apos;])][count(. | //*[@maxlength = &amp;apos;100&amp;apos;]) = count(//*[@maxlength = &amp;apos;100&amp;apos;])][count(. | //*[@tabindex = &amp;apos;0&amp;apos;]) = count(//*[@tabindex = &amp;apos;0&amp;apos;])][count(. | id(\&amp;quot;Component0458004_findCriteria\&amp;quot;)) = count(id(\&amp;quot;Component0458004_findCriteria\&amp;quot;))]&amp;apos; in &amp;apos;30&amp;apos; second(s)</message>
  <nestedLevel>1</nestedLevel>
</record>
<record>
  <date>2017-10-30T04:32:52</date>
  <millis>1509318172379</millis>
  <sequence>110</sequence>
  <level>INFO</level>
  <class>com.kms.katalon.core.logging.KeywordLogger</class>
  <method>logMessage</method>
  <thread>1</thread>
  <message>Found 1 web elements with id: &amp;apos;Object Repository/Page_Dashboards Player Community Da/input_Component0458004_findCri&amp;apos; located by &amp;apos;By.xpath: //input[count(. | //*[@id = &amp;apos;Component0458004_findCriteria&amp;apos;]) = count(//*[@id = &amp;apos;Component0458004_findCriteria&amp;apos;])][count(. | //*[@title = &amp;apos;Search for records&amp;apos;]) = count(//*[@title = &amp;apos;Search for records&amp;apos;])][count(. | //*[@hintlabelid = &amp;apos;Component0458004_findHintText&amp;apos;]) = count(//*[@hintlabelid = &amp;apos;Component0458004_findHintText&amp;apos;])][count(. | //*[@type = &amp;apos;text&amp;apos;]) = count(//*[@type = &amp;apos;text&amp;apos;])][count(. | //*[@class = &amp;apos;ms-crm-Dialog-Lookup-QuickFind&amp;apos;]) = count(//*[@class = &amp;apos;ms-crm-Dialog-Lookup-QuickFind&amp;apos;])][count(. | //*[@maxlength = &amp;apos;100&amp;apos;]) = count(//*[@maxlength = &amp;apos;100&amp;apos;])][count(. | //*[@tabindex = &amp;apos;0&amp;apos;]) = count(//*[@tabindex = &amp;apos;0&amp;apos;])][count(. | id(\&amp;quot;Component0458004_findCriteria\&amp;quot;)) = count(id(\&amp;quot;Component0458004_findCriteria\&amp;quot;))]&amp;apos; in &amp;apos;30&amp;apos; second(s)</message>
  <nestedLevel>1</nestedLevel>
</record>
<record>
  <date>2017-10-30T04:32:52</date>
  <millis>1509318172380</millis>
  <sequence>111</sequence>
  <level>INFO</level>
  <class>com.kms.katalon.core.logging.KeywordLogger</class>
  <method>logMessage</method>
  <thread>1</thread>
  <message>Clearing text of object &amp;apos;Object Repository/Page_Dashboards Player Community Da/input_Component0458004_findCri&amp;apos;</message>
  <nestedLevel>1</nestedLevel>
</record>
<record>
  <date>2017-10-30T04:32:52</date>
  <millis>1509318172405</millis>
  <sequence>112</sequence>
  <level>INFO</level>
  <class>com.kms.katalon.core.logging.KeywordLogger</class>
  <method>logMessage</method>
  <thread>1</thread>
  <message>Checking timeout</message>
  <nestedLevel>1</nestedLevel>
</record>
<record>
  <date>2017-10-30T04:32:52</date>
  <millis>1509318172406</millis>
  <sequence>113</sequence>
  <level>INFO</level>
  <class>com.kms.katalon.core.logging.KeywordLogger</class>
  <method>logMessage</method>
  <thread>1</thread>
  <message>Finding web element with id: &amp;apos;Object Repository/Page_Dashboards Player Community Da/input_Component0458004_findCri&amp;apos; located by &amp;apos;By.xpath: //input[count(. | //*[@id = &amp;apos;Component0458004_findCriteria&amp;apos;]) = count(//*[@id = &amp;apos;Component0458004_findCriteria&amp;apos;])][count(. | //*[@title = &amp;apos;Search for records&amp;apos;]) = count(//*[@title = &amp;apos;Search for records&amp;apos;])][count(. | //*[@hintlabelid = &amp;apos;Component0458004_findHintText&amp;apos;]) = count(//*[@hintlabelid = &amp;apos;Component0458004_findHintText&amp;apos;])][count(. | //*[@type = &amp;apos;text&amp;apos;]) = count(//*[@type = &amp;apos;text&amp;apos;])][count(. | //*[@class = &amp;apos;ms-crm-Dialog-Lookup-QuickFind&amp;apos;]) = count(//*[@class = &amp;apos;ms-crm-Dialog-Lookup-QuickFind&amp;apos;])][count(. | //*[@maxlength = &amp;apos;100&amp;apos;]) = count(//*[@maxlength = &amp;apos;100&amp;apos;])][count(. | //*[@tabindex = &amp;apos;0&amp;apos;]) = count(//*[@tabindex = &amp;apos;0&amp;apos;])][count(. | id(\&amp;quot;Component0458004_findCriteria\&amp;quot;)) = count(id(\&amp;quot;Component0458004_findCriteria\&amp;quot;))]&amp;apos; in &amp;apos;30&amp;apos; second(s)</message>
  <nestedLevel>1</nestedLevel>
</record>
<record>
  <date>2017-10-30T04:32:52</date>
  <millis>1509318172483</millis>
  <sequence>114</sequence>
  <level>INFO</level>
  <class>com.kms.katalon.core.logging.KeywordLogger</class>
  <method>logMessage</method>
  <thread>1</thread>
  <message>Found 1 web elements with id: &amp;apos;Object Repository/Page_Dashboards Player Community Da/input_Component0458004_findCri&amp;apos; located by &amp;apos;By.xpath: //input[count(. | //*[@id = &amp;apos;Component0458004_findCriteria&amp;apos;]) = count(//*[@id = &amp;apos;Component0458004_findCriteria&amp;apos;])][count(. | //*[@title = &amp;apos;Search for records&amp;apos;]) = count(//*[@title = &amp;apos;Search for records&amp;apos;])][count(. | //*[@hintlabelid = &amp;apos;Component0458004_findHintText&amp;apos;]) = count(//*[@hintlabelid = &amp;apos;Component0458004_findHintText&amp;apos;])][count(. | //*[@type = &amp;apos;text&amp;apos;]) = count(//*[@type = &amp;apos;text&amp;apos;])][count(. | //*[@class = &amp;apos;ms-crm-Dialog-Lookup-QuickFind&amp;apos;]) = count(//*[@class = &amp;apos;ms-crm-Dialog-Lookup-QuickFind&amp;apos;])][count(. | //*[@maxlength = &amp;apos;100&amp;apos;]) = count(//*[@maxlength = &amp;apos;100&amp;apos;])][count(. | //*[@tabindex = &amp;apos;0&amp;apos;]) = count(//*[@tabindex = &amp;apos;0&amp;apos;])][count(. | id(\&amp;quot;Component0458004_findCriteria\&amp;quot;)) = count(id(\&amp;quot;Component0458004_findCriteria\&amp;quot;))]&amp;apos; in &amp;apos;30&amp;apos; second(s)</message>
  <nestedLevel>1</nestedLevel>
</record>
<record>
  <date>2017-10-30T04:32:52</date>
  <millis>1509318172484</millis>
  <sequence>115</sequence>
  <level>INFO</level>
  <class>com.kms.katalon.core.logging.KeywordLogger</class>
  <method>logMessage</method>
  <thread>1</thread>
  <message>Setting text of object &amp;apos;Object Repository/Page_Dashboards Player Community Da/input_Component0458004_findCri&amp;apos; to value &amp;apos;Ayers, John&amp;apos;</message>
  <nestedLevel>1</nestedLevel>
</record>
<record>
  <date>2017-10-30T04:32:52</date>
  <millis>1509318172608</millis>
  <sequence>116</sequence>
  <level>PASSED</level>
  <class>com.kms.katalon.core.logging.KeywordLogger</class>
  <method>logMessage</method>
  <thread>1</thread>
  <message>Text &amp;apos;Ayers, John&amp;apos; is set on object &amp;apos;Object Repository/Page_Dashboards Player Community Da/input_Component0458004_findCri&amp;apos;</message>
  <nestedLevel>1</nestedLevel>
</record>
<record>
  <date>2017-10-30T04:32:52</date>
  <millis>1509318172614</millis>
  <sequence>117</sequence>
  <level>INFO</level>
  <class>com.kms.katalon.core.logging.KeywordLogger</class>
  <method>logMessage</method>
  <thread>1</thread>
  <message>Switching to default content</message>
  <nestedLevel>1</nestedLevel>
</record>
<record>
  <date>2017-10-30T04:32:52</date>
  <millis>1509318172620</millis>
  <sequence>118</sequence>
  <level>END</level>
  <class>com.kms.katalon.core.logging.KeywordLogger</class>
  <method>endKeyword</method>
  <thread>1</thread>
  <message>End action : setText</message>
  <nestedLevel>1</nestedLevel>
</record>
<record>
  <date>2017-10-30T04:32:52</date>
  <millis>1509318172620</millis>
  <sequence>119</sequence>
  <level>START</level>
  <class>com.kms.katalon.core.logging.KeywordLogger</class>
  <method>startKeyword</method>
  <thread>1</thread>
  <message>Start action : click</message>
  <nestedLevel>1</nestedLevel>
  <property name="startLine">26</property>
  <property name="stepIndex">3</property>
</record>
<record>
  <date>2017-10-30T04:32:52</date>
  <millis>1509318172621</millis>
  <sequence>120</sequence>
  <level>INFO</level>
  <class>com.kms.katalon.core.logging.KeywordLogger</class>
  <method>logMessage</method>
  <thread>1</thread>
  <message>Finding Test Object with id &amp;apos;Object Repository/Page_Dashboards Player Community Da/img_Component0458004_findCrite&amp;apos;</message>
  <nestedLevel>1</nestedLevel>
</record>
<record>
  <date>2017-10-30T04:32:52</date>
  <millis>1509318172631</millis>
  <sequence>121</sequence>
  <level>INFO</level>
  <class>com.kms.katalon.core.logging.KeywordLogger</class>
  <method>logMessage</method>
  <thread>1</thread>
  <message>Finding Test Object with id &amp;apos;Object Repository/Page_Dashboards Player Community Da/iframe_contentIFrame0&amp;apos;</message>
  <nestedLevel>1</nestedLevel>
</record>
<record>
  <date>2017-10-30T04:32:52</date>
  <millis>1509318172635</millis>
  <sequence>122</sequence>
  <level>INFO</level>
  <class>com.kms.katalon.core.logging.KeywordLogger</class>
  <method>logMessage</method>
  <thread>1</thread>
  <message>Checking object</message>
  <nestedLevel>1</nestedLevel>
</record>
<record>
  <date>2017-10-30T04:32:52</date>
  <millis>1509318172636</millis>
  <sequence>123</sequence>
  <level>INFO</level>
  <class>com.kms.katalon.core.logging.KeywordLogger</class>
  <method>logMessage</method>
  <thread>1</thread>
  <message>Object: &amp;apos;Object Repository/Page_Dashboards Player Community Da/img_Component0458004_findCrite&amp;apos; has parent object(s)</message>
  <nestedLevel>1</nestedLevel>
</record>
<record>
  <date>2017-10-30T04:32:52</date>
  <millis>1509318172636</millis>
  <sequence>124</sequence>
  <level>INFO</level>
  <class>com.kms.katalon.core.logging.KeywordLogger</class>
  <method>logMessage</method>
  <thread>1</thread>
  <message>Switching to iframe: &amp;apos;Object Repository/Page_Dashboards Player Community Da/iframe_contentIFrame0&amp;apos;</message>
  <nestedLevel>1</nestedLevel>
</record>
<record>
  <date>2017-10-30T04:32:52</date>
  <millis>1509318172636</millis>
  <sequence>125</sequence>
  <level>INFO</level>
  <class>com.kms.katalon.core.logging.KeywordLogger</class>
  <method>logMessage</method>
  <thread>1</thread>
  <message>Checking timeout</message>
  <nestedLevel>1</nestedLevel>
</record>
<record>
  <date>2017-10-30T04:32:52</date>
  <millis>1509318172637</millis>
  <sequence>126</sequence>
  <level>INFO</level>
  <class>com.kms.katalon.core.logging.KeywordLogger</class>
  <method>logMessage</method>
  <thread>1</thread>
  <message>Finding web element with id: &amp;apos;Object Repository/Page_Dashboards Player Community Da/iframe_contentIFrame0&amp;apos; located by &amp;apos;By.xpath: //iframe[count(. | //*[@frameborder = &amp;apos;0&amp;apos;]) = count(//*[@frameborder = &amp;apos;0&amp;apos;])][count(. | //*[@id = &amp;apos;contentIFrame0&amp;apos;]) = count(//*[@id = &amp;apos;contentIFrame0&amp;apos;])][count(. | //*[@name = &amp;apos;contentIFrame0&amp;apos;]) = count(//*[@name = &amp;apos;contentIFrame0&amp;apos;])][count(. | //*[@title = &amp;apos;Content Area&amp;apos;]) = count(//*[@title = &amp;apos;Content Area&amp;apos;])][count(. | id(\&amp;quot;contentIFrame0\&amp;quot;)) = count(id(\&amp;quot;contentIFrame0\&amp;quot;))]&amp;apos; in &amp;apos;30&amp;apos; second(s)</message>
  <nestedLevel>1</nestedLevel>
</record>
<record>
  <date>2017-10-30T04:32:52</date>
  <millis>1509318172655</millis>
  <sequence>127</sequence>
  <level>INFO</level>
  <class>com.kms.katalon.core.logging.KeywordLogger</class>
  <method>logMessage</method>
  <thread>1</thread>
  <message>Found 1 web elements with id: &amp;apos;Object Repository/Page_Dashboards Player Community Da/iframe_contentIFrame0&amp;apos; located by &amp;apos;By.xpath: //iframe[count(. | //*[@frameborder = &amp;apos;0&amp;apos;]) = count(//*[@frameborder = &amp;apos;0&amp;apos;])][count(. | //*[@id = &amp;apos;contentIFrame0&amp;apos;]) = count(//*[@id = &amp;apos;contentIFrame0&amp;apos;])][count(. | //*[@name = &amp;apos;contentIFrame0&amp;apos;]) = count(//*[@name = &amp;apos;contentIFrame0&amp;apos;])][count(. | //*[@title = &amp;apos;Content Area&amp;apos;]) = count(//*[@title = &amp;apos;Content Area&amp;apos;])][count(. | id(\&amp;quot;contentIFrame0\&amp;quot;)) = count(id(\&amp;quot;contentIFrame0\&amp;quot;))]&amp;apos; in &amp;apos;30&amp;apos; second(s)</message>
  <nestedLevel>1</nestedLevel>
</record>
<record>
  <date>2017-10-30T04:32:52</date>
  <millis>1509318172675</millis>
  <sequence>128</sequence>
  <level>INFO</level>
  <class>com.kms.katalon.core.logging.KeywordLogger</class>
  <method>logMessage</method>
  <thread>1</thread>
  <message>Switched to iframe: &amp;apos;Object Repository/Page_Dashboards Player Community Da/iframe_contentIFrame0&amp;apos;</message>
  <nestedLevel>1</nestedLevel>
</record>
<record>
  <date>2017-10-30T04:32:52</date>
  <millis>1509318172676</millis>
  <sequence>129</sequence>
  <level>INFO</level>
  <class>com.kms.katalon.core.logging.KeywordLogger</class>
  <method>logMessage</method>
  <thread>1</thread>
  <message>Checking timeout</message>
  <nestedLevel>1</nestedLevel>
</record>
<record>
  <date>2017-10-30T04:32:52</date>
  <millis>1509318172676</millis>
  <sequence>130</sequence>
  <level>INFO</level>
  <class>com.kms.katalon.core.logging.KeywordLogger</class>
  <method>logMessage</method>
  <thread>1</thread>
  <message>Finding web element with id: &amp;apos;Object Repository/Page_Dashboards Player Community Da/img_Component0458004_findCrite&amp;apos; located by &amp;apos;By.xpath: //img[count(. | //*[@id = &amp;apos;Component0458004_findCriteriaImg&amp;apos;]) = count(//*[@id = &amp;apos;Component0458004_findCriteriaImg&amp;apos;])][count(. | //*[@src = &amp;apos;/_imgs/imagestrips/transparent_spacer.gif&amp;apos;]) = count(//*[@src = &amp;apos;/_imgs/imagestrips/transparent_spacer.gif&amp;apos;])][count(. | //*[@class = &amp;apos;ms-crm-ImageStrip-search&amp;apos;]) = count(//*[@class = &amp;apos;ms-crm-ImageStrip-search&amp;apos;])][count(. | //*[@imgbase = &amp;apos;/_imgs/search&amp;apos;]) = count(//*[@imgbase = &amp;apos;/_imgs/search&amp;apos;])][count(. | //*[@title = &amp;apos;Start search&amp;apos;]) = count(//*[@title = &amp;apos;Start search&amp;apos;])][count(. | //*[@alt = &amp;apos;Start search&amp;apos;]) = count(//*[@alt = &amp;apos;Start search&amp;apos;])][count(. | id(\&amp;quot;Component0458004_findCriteriaImg\&amp;quot;)) = count(id(\&amp;quot;Component0458004_findCriteriaImg\&amp;quot;))]&amp;apos; in &amp;apos;30&amp;apos; second(s)</message>
  <nestedLevel>1</nestedLevel>
</record>
<record>
  <date>2017-10-30T04:32:52</date>
  <millis>1509318172954</millis>
  <sequence>131</sequence>
  <level>INFO</level>
  <class>com.kms.katalon.core.logging.KeywordLogger</class>
  <method>logMessage</method>
  <thread>1</thread>
  <message>Found 1 web elements with id: &amp;apos;Object Repository/Page_Dashboards Player Community Da/img_Component0458004_findCrite&amp;apos; located by &amp;apos;By.xpath: //img[count(. | //*[@id = &amp;apos;Component0458004_findCriteriaImg&amp;apos;]) = count(//*[@id = &amp;apos;Component0458004_findCriteriaImg&amp;apos;])][count(. | //*[@src = &amp;apos;/_imgs/imagestrips/transparent_spacer.gif&amp;apos;]) = count(//*[@src = &amp;apos;/_imgs/imagestrips/transparent_spacer.gif&amp;apos;])][count(. | //*[@class = &amp;apos;ms-crm-ImageStrip-search&amp;apos;]) = count(//*[@class = &amp;apos;ms-crm-ImageStrip-search&amp;apos;])][count(. | //*[@imgbase = &amp;apos;/_imgs/search&amp;apos;]) = count(//*[@imgbase = &amp;apos;/_imgs/search&amp;apos;])][count(. | //*[@title = &amp;apos;Start search&amp;apos;]) = count(//*[@title = &amp;apos;Start search&amp;apos;])][count(. | //*[@alt = &amp;apos;Start search&amp;apos;]) = count(//*[@alt = &amp;apos;Start search&amp;apos;])][count(. | id(\&amp;quot;Component0458004_findCriteriaImg\&amp;quot;)) = count(id(\&amp;quot;Component0458004_findCriteriaImg\&amp;quot;))]&amp;apos; in &amp;apos;30&amp;apos; second(s)</message>
  <nestedLevel>1</nestedLevel>
</record>
<record>
  <date>2017-10-30T04:32:52</date>
  <millis>1509318172955</millis>
  <sequence>132</sequence>
  <level>INFO</level>
  <class>com.kms.katalon.core.logging.KeywordLogger</class>
  <method>logMessage</method>
  <thread>1</thread>
  <message>Clicking on object: &amp;apos;Object Repository/Page_Dashboards Player Community Da/img_Component0458004_findCrite&amp;apos;</message>
  <nestedLevel>1</nestedLevel>
</record>
<record>
  <date>2017-10-30T04:32:54</date>
  <millis>1509318174468</millis>
  <sequence>133</sequence>
  <level>PASSED</level>
  <class>com.kms.katalon.core.logging.KeywordLogger</class>
  <method>logMessage</method>
  <thread>1</thread>
  <message>Object: &amp;apos;Object Repository/Page_Dashboards Player Community Da/img_Component0458004_findCrite&amp;apos; is clicked on</message>
  <nestedLevel>1</nestedLevel>
</record>
<record>
  <date>2017-10-30T04:32:54</date>
  <millis>1509318174498</millis>
  <sequence>134</sequence>
  <level>INFO</level>
  <class>com.kms.katalon.core.logging.KeywordLogger</class>
  <method>logMessage</method>
  <thread>1</thread>
  <message>Switching to default content</message>
  <nestedLevel>1</nestedLevel>
</record>
<record>
  <date>2017-10-30T04:32:54</date>
  <millis>1509318174536</millis>
  <sequence>135</sequence>
  <level>END</level>
  <class>com.kms.katalon.core.logging.KeywordLogger</class>
  <method>endKeyword</method>
  <thread>1</thread>
  <message>End action : click</message>
  <nestedLevel>1</nestedLevel>
</record>
<record>
  <date>2017-10-30T04:32:54</date>
  <millis>1509318174536</millis>
  <sequence>136</sequence>
  <level>START</level>
  <class>com.kms.katalon.core.logging.KeywordLogger</class>
  <method>startKeyword</method>
  <thread>1</thread>
  <message>Start action : switchToFrame</message>
  <nestedLevel>1</nestedLevel>
  <property name="startLine">28</property>
  <property name="stepIndex">4</property>
</record>
<record>
  <date>2017-10-30T04:32:54</date>
  <millis>1509318174537</millis>
  <sequence>137</sequence>
  <level>INFO</level>
  <class>com.kms.katalon.core.logging.KeywordLogger</class>
  <method>logMessage</method>
  <thread>1</thread>
  <message>Finding Test Object with id &amp;apos;Object Repository/Page_Dashboards Player Community Da/iframe_contentIFrame0&amp;apos;</message>
  <nestedLevel>1</nestedLevel>
</record>
<record>
  <date>2017-10-30T04:32:54</date>
  <millis>1509318174551</millis>
  <sequence>138</sequence>
  <level>INFO</level>
  <class>com.kms.katalon.core.logging.KeywordLogger</class>
  <method>logMessage</method>
  <thread>1</thread>
  <message>Switching to iframe: &amp;apos;Object Repository/Page_Dashboards Player Community Da/iframe_contentIFrame0&amp;apos;</message>
  <nestedLevel>1</nestedLevel>
</record>
<record>
  <date>2017-10-30T04:32:54</date>
  <millis>1509318174551</millis>
  <sequence>139</sequence>
  <level>INFO</level>
  <class>com.kms.katalon.core.logging.KeywordLogger</class>
  <method>logMessage</method>
  <thread>1</thread>
  <message>Checking timeout</message>
  <nestedLevel>1</nestedLevel>
</record>
<record>
  <date>2017-10-30T04:32:54</date>
  <millis>1509318174551</millis>
  <sequence>140</sequence>
  <level>WARNING</level>
  <class>com.kms.katalon.core.logging.KeywordLogger</class>
  <method>logMessage</method>
  <thread>1</thread>
  <message>Timeout &amp;apos;0&amp;apos; is invalid. Using default page load timeout: &amp;apos;30&amp;apos;</message>
  <nestedLevel>1</nestedLevel>
</record>
<record>
  <date>2017-10-30T04:32:54</date>
  <millis>1509318174552</millis>
  <sequence>141</sequence>
  <level>INFO</level>
  <class>com.kms.katalon.core.logging.KeywordLogger</class>
  <method>logMessage</method>
  <thread>1</thread>
  <message>Finding web element with id: &amp;apos;Object Repository/Page_Dashboards Player Community Da/iframe_contentIFrame0&amp;apos; located by &amp;apos;By.xpath: //iframe[count(. | //*[@frameborder = &amp;apos;0&amp;apos;]) = count(//*[@frameborder = &amp;apos;0&amp;apos;])][count(. | //*[@id = &amp;apos;contentIFrame0&amp;apos;]) = count(//*[@id = &amp;apos;contentIFrame0&amp;apos;])][count(. | //*[@name = &amp;apos;contentIFrame0&amp;apos;]) = count(//*[@name = &amp;apos;contentIFrame0&amp;apos;])][count(. | //*[@title = &amp;apos;Content Area&amp;apos;]) = count(//*[@title = &amp;apos;Content Area&amp;apos;])][count(. | id(\&amp;quot;contentIFrame0\&amp;quot;)) = count(id(\&amp;quot;contentIFrame0\&amp;quot;))]&amp;apos; in &amp;apos;30&amp;apos; second(s)</message>
  <nestedLevel>1</nestedLevel>
</record>
<record>
  <date>2017-10-30T04:32:54</date>
  <millis>1509318174596</millis>
  <sequence>142</sequence>
  <level>INFO</level>
  <class>com.kms.katalon.core.logging.KeywordLogger</class>
  <method>logMessage</method>
  <thread>1</thread>
  <message>Found 1 web elements with id: &amp;apos;Object Repository/Page_Dashboards Player Community Da/iframe_contentIFrame0&amp;apos; located by &amp;apos;By.xpath: //iframe[count(. | //*[@frameborder = &amp;apos;0&amp;apos;]) = count(//*[@frameborder = &amp;apos;0&amp;apos;])][count(. | //*[@id = &amp;apos;contentIFrame0&amp;apos;]) = count(//*[@id = &amp;apos;contentIFrame0&amp;apos;])][count(. | //*[@name = &amp;apos;contentIFrame0&amp;apos;]) = count(//*[@name = &amp;apos;contentIFrame0&amp;apos;])][count(. | //*[@title = &amp;apos;Content Area&amp;apos;]) = count(//*[@title = &amp;apos;Content Area&amp;apos;])][count(. | id(\&amp;quot;contentIFrame0\&amp;quot;)) = count(id(\&amp;quot;contentIFrame0\&amp;quot;))]&amp;apos; in &amp;apos;30&amp;apos; second(s)</message>
  <nestedLevel>1</nestedLevel>
</record>
<record>
  <date>2017-10-30T04:32:54</date>
  <millis>1509318174614</millis>
  <sequence>143</sequence>
  <level>INFO</level>
  <class>com.kms.katalon.core.logging.KeywordLogger</class>
  <method>logMessage</method>
  <thread>1</thread>
  <message>Switched to iframe: &amp;apos;Object Repository/Page_Dashboards Player Community Da/iframe_contentIFrame0&amp;apos;</message>
  <nestedLevel>1</nestedLevel>
</record>
<record>
  <date>2017-10-30T04:32:54</date>
  <millis>1509318174615</millis>
  <sequence>144</sequence>
  <level>END</level>
  <class>com.kms.katalon.core.logging.KeywordLogger</class>
  <method>endKeyword</method>
  <thread>1</thread>
  <message>End action : switchToFrame</message>
  <nestedLevel>1</nestedLevel>
</record>
<record>
  <date>2017-10-30T04:32:54</date>
  <millis>1509318174615</millis>
  <sequence>145</sequence>
  <level>START</level>
  <class>com.kms.katalon.core.logging.KeywordLogger</class>
  <method>startKeyword</method>
  <thread>1</thread>
  <message>Start action : click</message>
  <nestedLevel>1</nestedLevel>
  <property name="startLine">30</property>
  <property name="stepIndex">5</property>
</record>
<record>
  <date>2017-10-30T04:32:54</date>
  <millis>1509318174615</millis>
  <sequence>146</sequence>
  <level>INFO</level>
  <class>com.kms.katalon.core.logging.KeywordLogger</class>
  <method>logMessage</method>
  <thread>1</thread>
  <message>Finding Test Object with id &amp;apos;Object Repository/Page_Dashboards Player Community Da/a_Abe Nachi&amp;apos;</message>
  <nestedLevel>1</nestedLevel>
</record>
<record>
  <date>2017-10-30T04:32:54</date>
  <millis>1509318174619</millis>
  <sequence>147</sequence>
  <level>INFO</level>
  <class>com.kms.katalon.core.logging.KeywordLogger</class>
  <method>logMessage</method>
  <thread>1</thread>
  <message>Checking object</message>
  <nestedLevel>1</nestedLevel>
</record>
<record>
  <date>2017-10-30T04:32:54</date>
  <millis>1509318174620</millis>
  <sequence>148</sequence>
  <level>INFO</level>
  <class>com.kms.katalon.core.logging.KeywordLogger</class>
  <method>logMessage</method>
  <thread>1</thread>
  <message>Checking timeout</message>
  <nestedLevel>1</nestedLevel>
</record>
<record>
  <date>2017-10-30T04:32:54</date>
  <millis>1509318174620</millis>
  <sequence>149</sequence>
  <level>INFO</level>
  <class>com.kms.katalon.core.logging.KeywordLogger</class>
  <method>logMessage</method>
  <thread>1</thread>
  <message>Finding web element with id: &amp;apos;Object Repository/Page_Dashboards Player Community Da/a_Abe Nachi&amp;apos; located by &amp;apos;By.xpath: html/body/div[1]/div/div[2]/div/div/div/div/form/div/div/table/tbody/tr/td/div/div[1]/div[1]/div/span/div/div[2]/div/div/div[1]/div/div/div/div/div/div[1]/div/div[2]/div/div/div/div[1]/table/tbody/tr[1]/td[2]/nobr/a&amp;apos; in &amp;apos;30&amp;apos; second(s)</message>
  <nestedLevel>1</nestedLevel>
</record>
<record>
  <date>2017-10-30T04:32:54</date>
  <millis>1509318174644</millis>
  <sequence>150</sequence>
  <level>INFO</level>
  <class>com.kms.katalon.core.logging.KeywordLogger</class>
  <method>logMessage</method>
  <thread>1</thread>
  <message>Found 1 web elements with id: &amp;apos;Object Repository/Page_Dashboards Player Community Da/a_Abe Nachi&amp;apos; located by &amp;apos;By.xpath: html/body/div[1]/div/div[2]/div/div/div/div/form/div/div/table/tbody/tr/td/div/div[1]/div[1]/div/span/div/div[2]/div/div/div[1]/div/div/div/div/div/div[1]/div/div[2]/div/div/div/div[1]/table/tbody/tr[1]/td[2]/nobr/a&amp;apos; in &amp;apos;30&amp;apos; second(s)</message>
  <nestedLevel>1</nestedLevel>
</record>
<record>
  <date>2017-10-30T04:32:54</date>
  <millis>1509318174644</millis>
  <sequence>151</sequence>
  <level>INFO</level>
  <class>com.kms.katalon.core.logging.KeywordLogger</class>
  <method>logMessage</method>
  <thread>1</thread>
  <message>Clicking on object: &amp;apos;Object Repository/Page_Dashboards Player Community Da/a_Abe Nachi&amp;apos;</message>
  <nestedLevel>1</nestedLevel>
</record>
<record>
  <date>2017-10-30T04:32:54</date>
  <millis>1509318174964</millis>
  <sequence>152</sequence>
  <level>PASSED</level>
  <class>com.kms.katalon.core.logging.KeywordLogger</class>
  <method>logMessage</method>
  <thread>1</thread>
  <message>Object: &amp;apos;Object Repository/Page_Dashboards Player Community Da/a_Abe Nachi&amp;apos; is clicked on</message>
  <nestedLevel>1</nestedLevel>
</record>
<record>
  <date>2017-10-30T04:32:54</date>
  <millis>1509318174965</millis>
  <sequence>153</sequence>
  <level>END</level>
  <class>com.kms.katalon.core.logging.KeywordLogger</class>
  <method>endKeyword</method>
  <thread>1</thread>
  <message>End action : click</message>
  <nestedLevel>1</nestedLevel>
</record>
<record>
  <date>2017-10-30T04:32:54</date>
  <millis>1509318174966</millis>
  <sequence>154</sequence>
  <level>PASSED</level>
  <class>com.kms.katalon.core.logging.KeywordLogger</class>
  <method>logMessage</method>
  <thread>1</thread>
  <message>Test Cases/TC02</message>
  <nestedLevel>1</nestedLevel>
</record>
<record>
  <date>2017-10-30T04:32:54</date>
  <millis>1509318174966</millis>
  <sequence>155</sequence>
  <level>END</level>
  <class>com.kms.katalon.core.logging.KeywordLogger</class>
  <method>endTest</method>
  <thread>1</thread>
  <message>End Test Case : Test Cases/TC02</message>
  <nestedLevel>0</nestedLevel>
</record>
<record>
  <date>2017-10-30T04:32:55</date>
  <millis>1509318175907</millis>
  <sequence>156</sequence>
  <level>END</level>
  <class>com.kms.katalon.core.logging.KeywordLogger</class>
  <method>endSuite</method>
  <thread>1</thread>
  <message>End Test Suite : Smoke</message>
  <nestedLevel>0</nestedLevel>
</record>
</log>
